2025-02-19 13:04:35,593 Tello instance was initialized. Host: '192.168.10.1'. Port: '8889'.
2025-02-19 13:04:35,696 'utf-8' codec can't decode byte 0xcc in position 0: invalid continuation byte
2025-02-19 13:04:35,753 Sending RC control: lr=0, fb=0, ud=0, yaw=0
2025-02-19 13:04:35,816 Sending RC control: lr=0, fb=0, ud=0, yaw=0
2025-02-19 13:04:35,850 Sending RC control: lr=0, fb=0, ud=0, yaw=0
2025-02-19 13:04:35,889 Sending RC control: lr=0, fb=0, ud=0, yaw=0
2025-02-19 13:04:35,926 Sending RC control: lr=0, fb=0, ud=0, yaw=0
2025-02-19 13:04:35,961 Sending RC control: lr=0, fb=0, ud=0, yaw=0
2025-02-19 13:04:35,995 Sending RC control: lr=0, fb=0, ud=0, yaw=0
2025-02-19 13:04:36,028 Sending RC control: lr=0, fb=0, ud=0, yaw=0
2025-02-19 13:04:36,064 Sending RC control: lr=0, fb=0, ud=0, yaw=0
2025-02-19 13:04:36,096 Sending RC control: lr=0, fb=0, ud=0, yaw=0
2025-02-19 13:04:36,130 Sending RC control: lr=0, fb=0, ud=0, yaw=0
2025-02-19 13:04:36,164 Sending RC control: lr=0, fb=0, ud=0, yaw=0
2025-02-19 13:04:36,198 Sending RC control: lr=0, fb=0, ud=0, yaw=0
2025-02-19 13:04:36,231 Sending RC control: lr=0, fb=0, ud=0, yaw=0
2025-02-19 13:04:36,266 Sending RC control: lr=0, fb=0, ud=0, yaw=0
2025-02-19 13:04:36,299 Sending RC control: lr=0, fb=0, ud=0, yaw=0
2025-02-19 13:04:36,333 Sending RC control: lr=0, fb=0, ud=0, yaw=0
2025-02-19 13:04:36,367 Sending RC control: lr=0, fb=0, ud=0, yaw=0
2025-02-19 13:04:36,401 Sending RC control: lr=0, fb=0, ud=0, yaw=0
2025-02-19 13:04:36,435 Sending RC control: lr=0, fb=0, ud=0, yaw=0
2025-02-19 13:04:36,469 Sending RC control: lr=0, fb=0, ud=0, yaw=0
2025-02-19 13:04:36,503 Sending RC control: lr=0, fb=0, ud=0, yaw=0
2025-02-19 13:04:36,536 Sending RC control: lr=0, fb=0, ud=0, yaw=0
2025-02-19 13:04:36,570 Sending RC control: lr=0, fb=0, ud=0, yaw=0
2025-02-19 13:04:36,617 Sending RC control: lr=0, fb=0, ud=0, yaw=0
2025-02-19 13:04:36,651 Sending RC control: lr=0, fb=0, ud=0, yaw=0
2025-02-19 13:04:36,685 Sending RC control: lr=0, fb=0, ud=0, yaw=0
2025-02-19 13:04:36,718 Sending RC control: lr=0, fb=0, ud=0, yaw=0
2025-02-19 13:04:36,759 Sending RC control: lr=0, fb=0, ud=0, yaw=0
2025-02-19 13:04:36,813 drone taking off
2025-02-19 13:04:36,814 battery: 74
2025-02-19 13:04:36,814 Sending RC control: lr=0, fb=0, ud=0, yaw=0
2025-02-19 13:04:36,847 Sending RC control: lr=0, fb=0, ud=0, yaw=0
2025-02-19 13:04:36,883 Sending RC control: lr=0, fb=0, ud=0, yaw=0
2025-02-19 13:04:36,927 Sending RC control: lr=0, fb=0, ud=0, yaw=0
2025-02-19 13:04:36,959 Sending RC control: lr=0, fb=0, ud=0, yaw=0
2025-02-19 13:04:36,993 Sending RC control: lr=0, fb=0, ud=0, yaw=0
2025-02-19 13:04:37,037 Sending RC control: lr=0, fb=0, ud=0, yaw=0
2025-02-19 13:04:37,076 Sending RC control: lr=0, fb=0, ud=0, yaw=0
2025-02-19 13:04:37,110 Sending RC control: lr=0, fb=0, ud=0, yaw=0
2025-02-19 13:04:37,143 Sending RC control: lr=0, fb=0, ud=0, yaw=0
2025-02-19 13:04:37,218 Sending RC control: lr=0, fb=0, ud=0, yaw=0
2025-02-19 13:04:37,260 Sending RC control: lr=0, fb=0, ud=0, yaw=0
2025-02-19 13:04:37,294 Sending RC control: lr=0, fb=0, ud=0, yaw=0
2025-02-19 13:04:37,329 Sending RC control: lr=0, fb=0, ud=0, yaw=0
2025-02-19 13:04:37,366 Sending RC control: lr=0, fb=0, ud=0, yaw=0
2025-02-19 13:04:37,403 Sending RC control: lr=0, fb=0, ud=0, yaw=0
2025-02-19 13:04:37,437 Sending RC control: lr=0, fb=0, ud=0, yaw=0
2025-02-19 13:04:37,471 Sending RC control: lr=0, fb=0, ud=0, yaw=0
2025-02-19 13:04:37,505 Sending RC control: lr=0, fb=0, ud=0, yaw=0
2025-02-19 13:04:37,539 Sending RC control: lr=0, fb=0, ud=0, yaw=0
2025-02-19 13:04:37,574 Sending RC control: lr=0, fb=0, ud=0, yaw=0
2025-02-19 13:04:37,607 Sending RC control: lr=0, fb=0, ud=0, yaw=0
2025-02-19 13:04:37,641 Sending RC control: lr=0, fb=0, ud=0, yaw=0
2025-02-19 13:04:37,674 Sending RC control: lr=0, fb=0, ud=0, yaw=0
2025-02-19 13:04:37,708 Sending RC control: lr=0, fb=0, ud=0, yaw=0
2025-02-19 13:04:37,741 Sending RC control: lr=0, fb=0, ud=0, yaw=0
2025-02-19 13:04:37,776 Sending RC control: lr=0, fb=0, ud=0, yaw=0
2025-02-19 13:04:37,813 Sending RC control: lr=0, fb=0, ud=0, yaw=0
2025-02-19 13:04:37,847 Sending RC control: lr=0, fb=0, ud=0, yaw=0
2025-02-19 13:04:37,882 Sending RC control: lr=0, fb=0, ud=0, yaw=0
2025-02-19 13:04:37,915 Sending RC control: lr=0, fb=0, ud=0, yaw=0
2025-02-19 13:04:37,949 Sending RC control: lr=0, fb=0, ud=0, yaw=0
2025-02-19 13:04:37,983 Sending RC control: lr=0, fb=0, ud=0, yaw=0
2025-02-19 13:04:38,020 Sending RC control: lr=0, fb=0, ud=0, yaw=0
2025-02-19 13:04:38,053 Sending RC control: lr=0, fb=0, ud=0, yaw=0
2025-02-19 13:04:38,086 Sending RC control: lr=0, fb=0, ud=0, yaw=0
2025-02-19 13:04:38,121 Sending RC control: lr=0, fb=0, ud=0, yaw=0
2025-02-19 13:04:38,153 Sending RC control: lr=0, fb=0, ud=0, yaw=0
2025-02-19 13:04:38,187 Sending RC control: lr=0, fb=0, ud=0, yaw=0
2025-02-19 13:04:38,220 Sending RC control: lr=0, fb=0, ud=0, yaw=0
2025-02-19 13:04:38,254 Sending RC control: lr=0, fb=0, ud=0, yaw=0
2025-02-19 13:04:38,288 Sending RC control: lr=0, fb=0, ud=0, yaw=0
2025-02-19 13:04:38,321 Sending RC control: lr=0, fb=0, ud=0, yaw=0
2025-02-19 13:04:38,357 Sending RC control: lr=0, fb=0, ud=0, yaw=0
2025-02-19 13:04:38,392 Sending RC control: lr=0, fb=0, ud=0, yaw=0
2025-02-19 13:04:38,426 Sending RC control: lr=0, fb=0, ud=0, yaw=0
2025-02-19 13:04:38,469 Sending RC control: lr=0, fb=0, ud=0, yaw=0
2025-02-19 13:04:38,504 Sending RC control: lr=0, fb=0, ud=0, yaw=0
2025-02-19 13:04:38,536 Sending RC control: lr=0, fb=0, ud=0, yaw=0
2025-02-19 13:04:38,571 Sending RC control: lr=0, fb=0, ud=0, yaw=0
2025-02-19 13:04:38,604 Sending RC control: lr=0, fb=0, ud=0, yaw=0
2025-02-19 13:04:38,639 Sending RC control: lr=0, fb=0, ud=0, yaw=0
2025-02-19 13:04:38,674 Sending RC control: lr=0, fb=0, ud=0, yaw=0
2025-02-19 13:04:38,709 Sending RC control: lr=0, fb=0, ud=0, yaw=0
2025-02-19 13:04:38,743 Sending RC control: lr=0, fb=0, ud=0, yaw=0
2025-02-19 13:04:38,775 Sending RC control: lr=0, fb=0, ud=0, yaw=0
2025-02-19 13:04:38,809 Sending RC control: lr=0, fb=0, ud=0, yaw=0
2025-02-19 13:04:38,843 Sending RC control: lr=0, fb=0, ud=0, yaw=0
2025-02-19 13:04:38,877 Sending RC control: lr=0, fb=0, ud=0, yaw=0
2025-02-19 13:04:38,911 Sending RC control: lr=0, fb=0, ud=0, yaw=0
2025-02-19 13:04:38,945 Sending RC control: lr=0, fb=0, ud=0, yaw=0
2025-02-19 13:04:38,978 Sending RC control: lr=0, fb=0, ud=0, yaw=0
2025-02-19 13:04:39,012 Sending RC control: lr=0, fb=0, ud=0, yaw=0
2025-02-19 13:04:39,047 Sending RC control: lr=0, fb=0, ud=0, yaw=0
2025-02-19 13:04:39,081 Sending RC control: lr=0, fb=0, ud=0, yaw=0
2025-02-19 13:04:39,114 Sending RC control: lr=0, fb=0, ud=0, yaw=0
2025-02-19 13:04:39,149 Sending RC control: lr=0, fb=0, ud=0, yaw=0
2025-02-19 13:04:39,182 Sending RC control: lr=0, fb=0, ud=0, yaw=0
2025-02-19 13:04:39,215 Sending RC control: lr=0, fb=0, ud=0, yaw=0
2025-02-19 13:04:39,250 Sending RC control: lr=0, fb=0, ud=0, yaw=0
2025-02-19 13:04:39,283 Sending RC control: lr=0, fb=0, ud=0, yaw=0
2025-02-19 13:04:39,317 Sending RC control: lr=0, fb=0, ud=0, yaw=0
2025-02-19 13:04:39,354 Sending RC control: lr=0, fb=0, ud=0, yaw=0
2025-02-19 13:04:39,389 Sending RC control: lr=0, fb=0, ud=0, yaw=0
2025-02-19 13:04:39,422 Sending RC control: lr=0, fb=0, ud=0, yaw=0
2025-02-19 13:04:39,455 Sending RC control: lr=0, fb=0, ud=0, yaw=0
2025-02-19 13:04:39,489 Sending RC control: lr=0, fb=0, ud=0, yaw=0
2025-02-19 13:04:39,522 Sending RC control: lr=0, fb=0, ud=0, yaw=0
2025-02-19 13:04:39,556 Sending RC control: lr=0, fb=0, ud=0, yaw=0
2025-02-19 13:04:39,593 Sending RC control: lr=0, fb=0, ud=0, yaw=0
2025-02-19 13:04:39,624 Sending RC control: lr=0, fb=0, ud=0, yaw=0
2025-02-19 13:04:39,658 Sending RC control: lr=0, fb=0, ud=0, yaw=0
2025-02-19 13:04:39,693 Sending RC control: lr=0, fb=0, ud=0, yaw=0
2025-02-19 13:04:39,726 Sending RC control: lr=0, fb=0, ud=0, yaw=0
2025-02-19 13:04:39,760 Sending RC control: lr=0, fb=0, ud=0, yaw=0
2025-02-19 13:04:39,800 Sending RC control: lr=0, fb=0, ud=0, yaw=0
2025-02-19 13:04:39,834 Sending RC control: lr=0, fb=0, ud=0, yaw=0
2025-02-19 13:04:39,880 Sending RC control: lr=0, fb=0, ud=0, yaw=0
2025-02-19 13:04:39,911 Sending RC control: lr=0, fb=0, ud=0, yaw=0
2025-02-19 13:04:39,944 Sending RC control: lr=0, fb=0, ud=0, yaw=0
2025-02-19 13:04:39,977 Sending RC control: lr=0, fb=0, ud=0, yaw=0
2025-02-19 13:04:40,012 Sending RC control: lr=0, fb=0, ud=0, yaw=0
2025-02-19 13:04:40,046 Sending RC control: lr=0, fb=0, ud=0, yaw=0
2025-02-19 13:04:40,080 Sending RC control: lr=0, fb=0, ud=0, yaw=0
2025-02-19 13:04:40,114 Sending RC control: lr=0, fb=0, ud=0, yaw=0
2025-02-19 13:04:40,148 Sending RC control: lr=0, fb=0, ud=0, yaw=0
2025-02-19 13:04:40,181 Sending RC control: lr=0, fb=0, ud=0, yaw=0
2025-02-19 13:04:40,214 Sending RC control: lr=0, fb=0, ud=0, yaw=0
2025-02-19 13:04:40,248 Sending RC control: lr=0, fb=0, ud=0, yaw=0
2025-02-19 13:04:40,281 Sending RC control: lr=0, fb=0, ud=0, yaw=0
2025-02-19 13:04:40,315 Sending RC control: lr=0, fb=0, ud=0, yaw=0
2025-02-19 13:04:40,349 Sending RC control: lr=0, fb=0, ud=0, yaw=0
2025-02-19 13:04:40,384 Sending RC control: lr=0, fb=0, ud=0, yaw=0
2025-02-19 13:04:40,417 Sending RC control: lr=0, fb=0, ud=0, yaw=0
2025-02-19 13:04:40,456 Sending RC control: lr=0, fb=0, ud=0, yaw=0
2025-02-19 13:04:40,490 Sending RC control: lr=0, fb=0, ud=0, yaw=0
2025-02-19 13:04:40,526 Sending RC control: lr=0, fb=0, ud=0, yaw=0
2025-02-19 13:04:40,559 Sending RC control: lr=0, fb=0, ud=0, yaw=0
2025-02-19 13:04:40,592 Sending RC control: lr=0, fb=0, ud=0, yaw=0
2025-02-19 13:04:40,627 Sending RC control: lr=0, fb=0, ud=0, yaw=0
2025-02-19 13:04:40,668 Sending RC control: lr=0, fb=0, ud=0, yaw=0
2025-02-19 13:04:40,715 Sending RC control: lr=0, fb=0, ud=0, yaw=0
2025-02-19 13:04:40,749 Sending RC control: lr=0, fb=0, ud=0, yaw=0
2025-02-19 13:04:40,782 Sending RC control: lr=0, fb=0, ud=0, yaw=0
2025-02-19 13:04:40,828 Sending RC control: lr=0, fb=100, ud=0, yaw=0
2025-02-19 13:04:40,862 Sending RC control: lr=0, fb=100, ud=0, yaw=0
2025-02-19 13:04:40,914 Sending RC control: lr=0, fb=100, ud=0, yaw=0
2025-02-19 13:04:40,948 Sending RC control: lr=0, fb=100, ud=0, yaw=0
2025-02-19 13:04:40,981 Sending RC control: lr=0, fb=100, ud=0, yaw=0
2025-02-19 13:04:41,015 Sending RC control: lr=0, fb=100, ud=0, yaw=0
2025-02-19 13:04:41,048 Sending RC control: lr=0, fb=100, ud=0, yaw=0
2025-02-19 13:04:41,082 Sending RC control: lr=0, fb=100, ud=0, yaw=0
2025-02-19 13:04:41,116 Sending RC control: lr=0, fb=100, ud=0, yaw=0
2025-02-19 13:04:41,150 Sending RC control: lr=0, fb=100, ud=0, yaw=0
2025-02-19 13:04:41,195 Sending RC control: lr=0, fb=100, ud=0, yaw=0
2025-02-19 13:04:41,229 Sending RC control: lr=0, fb=100, ud=0, yaw=0
2025-02-19 13:04:41,262 Sending RC control: lr=0, fb=100, ud=0, yaw=0
2025-02-19 13:04:41,296 Sending RC control: lr=0, fb=100, ud=0, yaw=0
2025-02-19 13:04:41,330 Sending RC control: lr=0, fb=100, ud=0, yaw=0
2025-02-19 13:04:41,363 Sending RC control: lr=0, fb=0, ud=0, yaw=0
2025-02-19 13:04:41,397 Sending RC control: lr=0, fb=0, ud=0, yaw=0
2025-02-19 13:04:41,431 Sending RC control: lr=0, fb=0, ud=0, yaw=0
2025-02-19 13:04:41,464 Sending RC control: lr=0, fb=0, ud=0, yaw=0
2025-02-19 13:04:41,499 Sending RC control: lr=100, fb=0, ud=0, yaw=0
2025-02-19 13:04:41,537 Sending RC control: lr=100, fb=0, ud=0, yaw=0
2025-02-19 13:04:41,567 Sending RC control: lr=100, fb=0, ud=0, yaw=0
2025-02-19 13:04:41,603 Sending RC control: lr=100, fb=100, ud=0, yaw=0
2025-02-19 13:04:41,638 Sending RC control: lr=100, fb=100, ud=0, yaw=0
2025-02-19 13:04:41,682 Sending RC control: lr=100, fb=100, ud=0, yaw=0
2025-02-19 13:04:41,717 Sending RC control: lr=100, fb=100, ud=0, yaw=0
2025-02-19 13:04:41,750 Sending RC control: lr=100, fb=100, ud=0, yaw=0
2025-02-19 13:04:41,784 Sending RC control: lr=100, fb=100, ud=0, yaw=0
2025-02-19 13:04:41,817 Sending RC control: lr=100, fb=100, ud=0, yaw=0
2025-02-19 13:04:41,893 Sending RC control: lr=100, fb=100, ud=0, yaw=0
2025-02-19 13:04:41,926 Sending RC control: lr=100, fb=100, ud=0, yaw=0
2025-02-19 13:04:41,959 Sending RC control: lr=100, fb=100, ud=0, yaw=0
2025-02-19 13:04:41,993 Sending RC control: lr=0, fb=0, ud=0, yaw=0
2025-02-19 13:04:42,026 Sending RC control: lr=0, fb=0, ud=0, yaw=0
2025-02-19 13:04:42,060 Sending RC control: lr=0, fb=0, ud=0, yaw=0
2025-02-19 13:04:42,094 Sending RC control: lr=0, fb=0, ud=0, yaw=0
2025-02-19 13:04:42,128 Sending RC control: lr=0, fb=0, ud=0, yaw=0
2025-02-19 13:04:42,163 Sending RC control: lr=100, fb=0, ud=0, yaw=0
2025-02-19 13:04:42,196 Sending RC control: lr=100, fb=-100, ud=0, yaw=0
2025-02-19 13:04:42,230 Sending RC control: lr=100, fb=-100, ud=0, yaw=0
2025-02-19 13:04:42,263 Sending RC control: lr=100, fb=-100, ud=0, yaw=0
2025-02-19 13:04:42,297 Sending RC control: lr=100, fb=-100, ud=0, yaw=0
2025-02-19 13:04:42,331 Sending RC control: lr=100, fb=-100, ud=0, yaw=0
2025-02-19 13:04:42,365 Sending RC control: lr=100, fb=-100, ud=0, yaw=0
2025-02-19 13:04:42,400 Sending RC control: lr=100, fb=-100, ud=0, yaw=0
2025-02-19 13:04:42,433 Sending RC control: lr=0, fb=0, ud=0, yaw=0
2025-02-19 13:04:42,466 Sending RC control: lr=0, fb=0, ud=0, yaw=0
2025-02-19 13:04:42,500 Sending RC control: lr=0, fb=0, ud=0, yaw=0
2025-02-19 13:04:42,535 Sending RC control: lr=0, fb=0, ud=0, yaw=0
2025-02-19 13:04:42,570 Sending RC control: lr=0, fb=0, ud=0, yaw=0
2025-02-19 13:04:42,603 Sending RC control: lr=0, fb=0, ud=0, yaw=0
2025-02-19 13:04:42,637 Sending RC control: lr=0, fb=0, ud=0, yaw=0
2025-02-19 13:04:42,682 Sending RC control: lr=0, fb=0, ud=0, yaw=0
2025-02-19 13:04:42,717 Sending RC control: lr=0, fb=0, ud=0, yaw=0
2025-02-19 13:04:42,751 Sending RC control: lr=0, fb=0, ud=0, yaw=0
2025-02-19 13:04:42,785 Sending RC control: lr=0, fb=0, ud=0, yaw=0
2025-02-19 13:04:42,819 Sending RC control: lr=0, fb=0, ud=0, yaw=0
2025-02-19 13:04:42,853 Sending RC control: lr=0, fb=0, ud=0, yaw=0
2025-02-19 13:04:42,886 Sending RC control: lr=0, fb=0, ud=0, yaw=0
2025-02-19 13:04:42,921 Sending RC control: lr=0, fb=0, ud=0, yaw=0
2025-02-19 13:04:42,955 Sending RC control: lr=0, fb=0, ud=0, yaw=0
2025-02-19 13:04:42,987 Sending RC control: lr=0, fb=0, ud=0, yaw=0
2025-02-19 13:04:43,029 Sending RC control: lr=0, fb=0, ud=0, yaw=0
2025-02-19 13:04:43,063 Sending RC control: lr=0, fb=0, ud=0, yaw=0
2025-02-19 13:04:43,097 Sending RC control: lr=0, fb=0, ud=0, yaw=0
2025-02-19 13:04:43,131 Sending RC control: lr=0, fb=0, ud=0, yaw=0
2025-02-19 13:04:43,165 Sending RC control: lr=0, fb=0, ud=0, yaw=0
2025-02-19 13:04:43,198 Sending RC control: lr=0, fb=0, ud=0, yaw=0
2025-02-19 13:04:43,232 Sending RC control: lr=0, fb=0, ud=0, yaw=0
2025-02-19 13:04:43,266 Sending RC control: lr=0, fb=0, ud=0, yaw=0
2025-02-19 13:04:43,300 Sending RC control: lr=0, fb=0, ud=0, yaw=0
2025-02-19 13:04:43,335 Sending RC control: lr=0, fb=0, ud=0, yaw=0
2025-02-19 13:04:43,368 Sending RC control: lr=0, fb=0, ud=0, yaw=0
2025-02-19 13:04:43,401 Sending RC control: lr=0, fb=0, ud=0, yaw=0
2025-02-19 13:04:43,436 Sending RC control: lr=0, fb=0, ud=0, yaw=0
2025-02-19 13:04:43,469 Sending RC control: lr=0, fb=0, ud=0, yaw=0
2025-02-19 13:04:43,503 Sending RC control: lr=0, fb=0, ud=0, yaw=0
2025-02-19 13:04:43,539 Sending RC control: lr=0, fb=0, ud=0, yaw=0
2025-02-19 13:04:43,572 Sending RC control: lr=0, fb=0, ud=0, yaw=0
2025-02-19 13:04:43,606 Sending RC control: lr=0, fb=0, ud=0, yaw=0
2025-02-19 13:04:43,641 Sending RC control: lr=0, fb=0, ud=0, yaw=0
2025-02-19 13:04:43,693 Sending RC control: lr=0, fb=0, ud=0, yaw=0
2025-02-19 13:04:43,728 Sending RC control: lr=0, fb=0, ud=0, yaw=0
2025-02-19 13:04:43,761 Sending RC control: lr=0, fb=0, ud=0, yaw=0
2025-02-19 13:04:43,797 Sending RC control: lr=0, fb=0, ud=0, yaw=0
2025-02-19 13:04:43,831 Sending RC control: lr=0, fb=0, ud=0, yaw=0
2025-02-19 13:04:43,865 Sending RC control: lr=0, fb=0, ud=0, yaw=0
2025-02-19 13:04:43,899 Sending RC control: lr=0, fb=0, ud=0, yaw=0
2025-02-19 13:04:43,933 Sending RC control: lr=0, fb=0, ud=0, yaw=0
2025-02-19 13:04:43,968 Sending RC control: lr=0, fb=0, ud=0, yaw=0
2025-02-19 13:04:44,002 Sending RC control: lr=0, fb=0, ud=0, yaw=0
2025-02-19 13:04:44,038 Sending RC control: lr=0, fb=0, ud=0, yaw=0
2025-02-19 13:04:44,072 Sending RC control: lr=0, fb=0, ud=0, yaw=0
2025-02-19 13:04:44,105 Sending RC control: lr=0, fb=0, ud=0, yaw=0
2025-02-19 13:04:44,138 Sending RC control: lr=0, fb=0, ud=0, yaw=0
2025-02-19 13:04:44,172 Sending RC control: lr=0, fb=0, ud=0, yaw=0
2025-02-19 13:04:44,205 Sending RC control: lr=0, fb=0, ud=0, yaw=0
2025-02-19 13:04:44,237 Sending RC control: lr=0, fb=0, ud=0, yaw=0
2025-02-19 13:04:44,271 Sending RC control: lr=0, fb=0, ud=0, yaw=0
2025-02-19 13:04:44,307 Sending RC control: lr=0, fb=0, ud=0, yaw=0
2025-02-19 13:04:44,343 Sending RC control: lr=0, fb=0, ud=0, yaw=0
2025-02-19 13:04:44,377 Sending RC control: lr=0, fb=0, ud=0, yaw=100
2025-02-19 13:04:44,417 Sending RC control: lr=0, fb=0, ud=0, yaw=100
2025-02-19 13:04:44,459 Sending RC control: lr=0, fb=0, ud=0, yaw=100
2025-02-19 13:04:44,491 Sending RC control: lr=0, fb=0, ud=0, yaw=100
2025-02-19 13:04:44,525 Sending RC control: lr=0, fb=0, ud=0, yaw=100
2025-02-19 13:04:44,560 Sending RC control: lr=0, fb=0, ud=0, yaw=100
2025-02-19 13:04:44,595 Sending RC control: lr=0, fb=0, ud=0, yaw=100
2025-02-19 13:04:44,628 Sending RC control: lr=0, fb=0, ud=0, yaw=100
2025-02-19 13:04:44,663 Sending RC control: lr=0, fb=0, ud=0, yaw=100
2025-02-19 13:04:44,696 Sending RC control: lr=0, fb=0, ud=0, yaw=100
2025-02-19 13:04:44,731 Sending RC control: lr=0, fb=0, ud=0, yaw=100
2025-02-19 13:04:44,765 Sending RC control: lr=0, fb=0, ud=0, yaw=100
2025-02-19 13:04:44,799 Sending RC control: lr=0, fb=0, ud=0, yaw=100
2025-02-19 13:04:44,833 Sending RC control: lr=0, fb=0, ud=0, yaw=100
2025-02-19 13:04:44,869 Sending RC control: lr=0, fb=0, ud=0, yaw=100
2025-02-19 13:04:44,901 Sending RC control: lr=0, fb=0, ud=0, yaw=100
2025-02-19 13:04:44,936 Sending RC control: lr=0, fb=0, ud=0, yaw=100
2025-02-19 13:04:44,969 Sending RC control: lr=0, fb=0, ud=0, yaw=100
2025-02-19 13:04:45,003 Sending RC control: lr=0, fb=0, ud=0, yaw=100
2025-02-19 13:04:45,037 Sending RC control: lr=0, fb=0, ud=0, yaw=100
2025-02-19 13:04:45,072 Sending RC control: lr=0, fb=0, ud=0, yaw=0
2025-02-19 13:04:45,106 Sending RC control: lr=0, fb=0, ud=0, yaw=0
2025-02-19 13:04:45,138 Sending RC control: lr=0, fb=0, ud=0, yaw=0
2025-02-19 13:04:45,173 Sending RC control: lr=0, fb=0, ud=0, yaw=0
2025-02-19 13:04:45,205 Sending RC control: lr=0, fb=0, ud=0, yaw=0
2025-02-19 13:04:45,239 Sending RC control: lr=0, fb=0, ud=0, yaw=0
2025-02-19 13:04:45,272 Sending RC control: lr=0, fb=0, ud=0, yaw=0
2025-02-19 13:04:45,307 Sending RC control: lr=0, fb=0, ud=0, yaw=0
2025-02-19 13:04:45,340 Sending RC control: lr=0, fb=0, ud=0, yaw=0
2025-02-19 13:04:45,375 Sending RC control: lr=0, fb=0, ud=0, yaw=0
2025-02-19 13:04:45,409 Sending RC control: lr=0, fb=0, ud=0, yaw=0
2025-02-19 13:04:45,443 Sending RC control: lr=0, fb=0, ud=0, yaw=0
2025-02-19 13:04:45,477 Sending RC control: lr=0, fb=0, ud=0, yaw=0
2025-02-19 13:04:45,511 Sending RC control: lr=0, fb=0, ud=0, yaw=0
2025-02-19 13:04:45,545 Sending RC control: lr=0, fb=0, ud=0, yaw=100
2025-02-19 13:04:45,579 Sending RC control: lr=0, fb=0, ud=0, yaw=100
2025-02-19 13:04:45,613 Sending RC control: lr=0, fb=0, ud=0, yaw=100
2025-02-19 13:04:45,646 Sending RC control: lr=0, fb=0, ud=0, yaw=0
2025-02-19 13:04:45,680 Sending RC control: lr=0, fb=0, ud=0, yaw=0
2025-02-19 13:04:45,714 Sending RC control: lr=0, fb=0, ud=0, yaw=0
2025-02-19 13:04:45,748 Sending RC control: lr=0, fb=0, ud=0, yaw=0
2025-02-19 13:04:45,782 Sending RC control: lr=0, fb=0, ud=0, yaw=0
2025-02-19 13:04:45,816 Sending RC control: lr=0, fb=0, ud=0, yaw=0
2025-02-19 13:04:45,852 Sending RC control: lr=0, fb=0, ud=0, yaw=0
2025-02-19 13:04:45,886 Sending RC control: lr=0, fb=0, ud=0, yaw=0
2025-02-19 13:04:45,919 Sending RC control: lr=0, fb=0, ud=0, yaw=0
2025-02-19 13:04:45,952 Sending RC control: lr=0, fb=0, ud=0, yaw=0
2025-02-19 13:04:45,986 Sending RC control: lr=0, fb=0, ud=0, yaw=0
2025-02-19 13:04:46,021 Sending RC control: lr=0, fb=0, ud=0, yaw=0
2025-02-19 13:04:46,054 Sending RC control: lr=0, fb=0, ud=0, yaw=0
2025-02-19 13:04:46,088 Sending RC control: lr=0, fb=0, ud=0, yaw=-100
2025-02-19 13:04:46,123 Sending RC control: lr=0, fb=0, ud=0, yaw=-100
2025-02-19 13:04:46,157 Sending RC control: lr=0, fb=0, ud=0, yaw=-100
2025-02-19 13:04:46,192 Sending RC control: lr=0, fb=0, ud=0, yaw=-100
2025-02-19 13:04:46,225 Sending RC control: lr=0, fb=0, ud=0, yaw=0
2025-02-19 13:04:46,258 Sending RC control: lr=0, fb=0, ud=0, yaw=0
2025-02-19 13:04:46,293 Sending RC control: lr=0, fb=0, ud=0, yaw=0
2025-02-19 13:04:46,327 Sending RC control: lr=0, fb=0, ud=0, yaw=0
2025-02-19 13:04:46,361 Sending RC control: lr=0, fb=0, ud=0, yaw=0
2025-02-19 13:04:46,397 Sending RC control: lr=0, fb=0, ud=0, yaw=0
2025-02-19 13:04:46,430 Sending RC control: lr=0, fb=0, ud=0, yaw=0
2025-02-19 13:04:46,464 Sending RC control: lr=0, fb=0, ud=0, yaw=0
2025-02-19 13:04:46,500 Sending RC control: lr=0, fb=0, ud=0, yaw=0
2025-02-19 13:04:46,534 Sending RC control: lr=0, fb=0, ud=0, yaw=0
2025-02-19 13:04:46,567 Sending RC control: lr=0, fb=0, ud=0, yaw=0
2025-02-19 13:04:46,601 Sending RC control: lr=0, fb=0, ud=0, yaw=0
2025-02-19 13:04:46,635 Sending RC control: lr=0, fb=0, ud=0, yaw=0
2025-02-19 13:04:46,674 Sending RC control: lr=0, fb=0, ud=0, yaw=0
2025-02-19 13:04:46,707 Sending RC control: lr=0, fb=0, ud=0, yaw=0
2025-02-19 13:04:46,740 Sending RC control: lr=0, fb=0, ud=0, yaw=0
2025-02-19 13:04:46,773 Sending RC control: lr=0, fb=0, ud=0, yaw=0
2025-02-19 13:04:46,806 Sending RC control: lr=0, fb=0, ud=0, yaw=0
2025-02-19 13:04:46,842 Sending RC control: lr=0, fb=0, ud=0, yaw=0
2025-02-19 13:04:46,876 Sending RC control: lr=0, fb=0, ud=0, yaw=0
2025-02-19 13:04:46,910 Sending RC control: lr=0, fb=0, ud=0, yaw=0
2025-02-19 13:04:46,943 Sending RC control: lr=0, fb=0, ud=0, yaw=0
2025-02-19 13:04:46,977 Sending RC control: lr=0, fb=0, ud=0, yaw=0
2025-02-19 13:04:47,011 Sending RC control: lr=0, fb=0, ud=0, yaw=0
2025-02-19 13:04:47,045 Sending RC control: lr=0, fb=0, ud=0, yaw=0
2025-02-19 13:04:47,078 Sending RC control: lr=100, fb=-100, ud=0, yaw=0
2025-02-19 13:04:47,112 Sending RC control: lr=100, fb=-100, ud=0, yaw=0
2025-02-19 13:04:47,145 Sending RC control: lr=100, fb=-100, ud=0, yaw=0
2025-02-19 13:04:47,180 Sending RC control: lr=0, fb=0, ud=0, yaw=0
2025-02-19 13:04:47,212 Sending RC control: lr=0, fb=0, ud=0, yaw=0
2025-02-19 13:04:47,246 Sending RC control: lr=0, fb=0, ud=0, yaw=0
2025-02-19 13:04:47,280 Sending RC control: lr=0, fb=0, ud=0, yaw=0
2025-02-19 13:04:47,314 Sending RC control: lr=0, fb=0, ud=0, yaw=0
2025-02-19 13:04:47,348 Sending RC control: lr=0, fb=0, ud=0, yaw=0
2025-02-19 13:04:47,382 Sending RC control: lr=0, fb=0, ud=0, yaw=0
2025-02-19 13:04:47,415 Sending RC control: lr=0, fb=0, ud=0, yaw=0
2025-02-19 13:04:47,449 Sending RC control: lr=0, fb=0, ud=0, yaw=0
2025-02-19 13:04:47,482 Sending RC control: lr=0, fb=0, ud=0, yaw=0
2025-02-19 13:04:47,517 Sending RC control: lr=0, fb=0, ud=0, yaw=0
2025-02-19 13:04:47,550 Sending RC control: lr=0, fb=0, ud=0, yaw=0
2025-02-19 13:04:47,584 Sending RC control: lr=0, fb=0, ud=0, yaw=0
2025-02-19 13:04:47,618 Sending RC control: lr=0, fb=0, ud=0, yaw=0
2025-02-19 13:04:47,663 Sending RC control: lr=0, fb=0, ud=0, yaw=0
2025-02-19 13:04:47,696 Sending RC control: lr=0, fb=0, ud=0, yaw=0
2025-02-19 13:04:47,732 Sending RC control: lr=0, fb=0, ud=0, yaw=0
2025-02-19 13:04:47,766 Sending RC control: lr=0, fb=0, ud=0, yaw=0
2025-02-19 13:04:47,800 Sending RC control: lr=0, fb=0, ud=0, yaw=0
2025-02-19 13:04:47,833 Sending RC control: lr=0, fb=0, ud=0, yaw=0
2025-02-19 13:04:47,867 Sending RC control: lr=0, fb=0, ud=0, yaw=0
2025-02-19 13:04:47,901 Sending RC control: lr=0, fb=0, ud=0, yaw=0
2025-02-19 13:04:47,935 Sending RC control: lr=0, fb=0, ud=0, yaw=0
2025-02-19 13:04:47,967 Sending RC control: lr=0, fb=0, ud=0, yaw=0
2025-02-19 13:04:48,003 Sending RC control: lr=0, fb=0, ud=0, yaw=0
2025-02-19 13:04:48,035 Sending RC control: lr=0, fb=0, ud=0, yaw=0
2025-02-19 13:04:48,070 Sending RC control: lr=0, fb=0, ud=0, yaw=0
2025-02-19 13:04:48,114 Sending RC control: lr=0, fb=0, ud=0, yaw=0
2025-02-19 13:04:48,148 Sending RC control: lr=0, fb=0, ud=0, yaw=0
2025-02-19 13:04:48,181 Sending RC control: lr=0, fb=0, ud=0, yaw=100
2025-02-19 13:04:48,214 Sending RC control: lr=0, fb=0, ud=0, yaw=100
2025-02-19 13:04:48,250 Sending RC control: lr=0, fb=0, ud=0, yaw=100
2025-02-19 13:04:48,283 Sending RC control: lr=0, fb=0, ud=0, yaw=0
2025-02-19 13:04:48,317 Sending RC control: lr=0, fb=0, ud=0, yaw=0
2025-02-19 13:04:48,350 Sending RC control: lr=0, fb=0, ud=0, yaw=0
2025-02-19 13:04:48,385 Sending RC control: lr=0, fb=0, ud=0, yaw=0
2025-02-19 13:04:48,419 Sending RC control: lr=0, fb=0, ud=0, yaw=0
2025-02-19 13:04:48,453 Sending RC control: lr=0, fb=0, ud=0, yaw=0
2025-02-19 13:04:48,486 Sending RC control: lr=0, fb=0, ud=0, yaw=0
2025-02-19 13:04:48,520 Sending RC control: lr=0, fb=0, ud=0, yaw=0
2025-02-19 13:04:48,553 Sending RC control: lr=0, fb=0, ud=0, yaw=0
2025-02-19 13:04:48,588 Sending RC control: lr=0, fb=0, ud=0, yaw=0
2025-02-19 13:04:48,620 Sending RC control: lr=0, fb=0, ud=0, yaw=0
2025-02-19 13:04:48,653 Sending RC control: lr=0, fb=0, ud=0, yaw=0
2025-02-19 13:04:48,688 Sending RC control: lr=0, fb=0, ud=0, yaw=0
2025-02-19 13:04:48,720 Sending RC control: lr=0, fb=0, ud=0, yaw=0
2025-02-19 13:04:48,754 Sending RC control: lr=0, fb=0, ud=0, yaw=0
2025-02-19 13:04:48,798 Sending RC control: lr=0, fb=0, ud=0, yaw=0
2025-02-19 13:04:48,832 Sending RC control: lr=0, fb=0, ud=0, yaw=0
2025-02-19 13:04:48,866 Sending RC control: lr=0, fb=0, ud=0, yaw=0
2025-02-19 13:04:48,900 Sending RC control: lr=0, fb=0, ud=0, yaw=0
2025-02-19 13:04:48,934 Sending RC control: lr=0, fb=0, ud=0, yaw=0
2025-02-19 13:04:48,969 Sending RC control: lr=0, fb=0, ud=0, yaw=0
2025-02-19 13:04:49,000 Sending RC control: lr=0, fb=0, ud=0, yaw=0
2025-02-19 13:04:49,034 Sending RC control: lr=0, fb=0, ud=0, yaw=0
2025-02-19 13:04:49,068 Sending RC control: lr=0, fb=0, ud=0, yaw=0
2025-02-19 13:04:49,102 Sending RC control: lr=0, fb=0, ud=0, yaw=0
2025-02-19 13:04:49,136 Sending RC control: lr=0, fb=0, ud=0, yaw=0
2025-02-19 13:04:49,169 Sending RC control: lr=0, fb=0, ud=0, yaw=0
2025-02-19 13:04:49,201 Sending RC control: lr=0, fb=0, ud=0, yaw=0
2025-02-19 13:04:49,235 Sending RC control: lr=0, fb=0, ud=0, yaw=0
2025-02-19 13:04:49,268 Sending RC control: lr=0, fb=0, ud=0, yaw=0
2025-02-19 13:04:49,301 Sending RC control: lr=0, fb=0, ud=0, yaw=0
2025-02-19 13:04:49,335 Sending RC control: lr=0, fb=0, ud=0, yaw=0
2025-02-19 13:04:49,369 Sending RC control: lr=0, fb=0, ud=0, yaw=0
2025-02-19 13:04:49,402 Sending RC control: lr=0, fb=0, ud=0, yaw=0
2025-02-19 13:04:49,438 Sending RC control: lr=0, fb=0, ud=0, yaw=0
2025-02-19 13:04:49,472 Sending RC control: lr=0, fb=0, ud=0, yaw=0
2025-02-19 13:04:49,505 Sending RC control: lr=0, fb=0, ud=0, yaw=0
2025-02-19 13:04:49,544 Sending RC control: lr=0, fb=0, ud=0, yaw=0
2025-02-19 13:04:49,579 Sending RC control: lr=0, fb=0, ud=0, yaw=0
2025-02-19 13:04:49,611 Sending RC control: lr=0, fb=100, ud=0, yaw=0
2025-02-19 13:04:49,645 Sending RC control: lr=0, fb=100, ud=0, yaw=0
2025-02-19 13:04:49,682 Sending RC control: lr=0, fb=100, ud=0, yaw=0
2025-02-19 13:04:49,715 Sending RC control: lr=0, fb=100, ud=0, yaw=0
2025-02-19 13:04:49,750 Sending RC control: lr=0, fb=100, ud=0, yaw=0
2025-02-19 13:04:49,783 Sending RC control: lr=0, fb=100, ud=0, yaw=0
2025-02-19 13:04:49,823 Sending RC control: lr=0, fb=100, ud=0, yaw=0
2025-02-19 13:04:49,855 Sending RC control: lr=0, fb=100, ud=0, yaw=0
2025-02-19 13:04:49,891 Sending RC control: lr=0, fb=100, ud=0, yaw=0
2025-02-19 13:04:49,922 Sending RC control: lr=0, fb=100, ud=0, yaw=0
2025-02-19 13:04:49,958 Sending RC control: lr=0, fb=100, ud=0, yaw=0
2025-02-19 13:04:49,992 Sending RC control: lr=0, fb=100, ud=0, yaw=0
2025-02-19 13:04:50,024 Sending RC control: lr=0, fb=100, ud=0, yaw=0
2025-02-19 13:04:50,059 Sending RC control: lr=0, fb=100, ud=0, yaw=0
2025-02-19 13:04:50,092 Sending RC control: lr=0, fb=100, ud=0, yaw=0
2025-02-19 13:04:50,127 Sending RC control: lr=0, fb=100, ud=0, yaw=0
2025-02-19 13:04:50,162 Sending RC control: lr=0, fb=100, ud=0, yaw=0
2025-02-19 13:04:50,199 Sending RC control: lr=0, fb=100, ud=0, yaw=0
2025-02-19 13:04:50,230 Sending RC control: lr=0, fb=100, ud=0, yaw=0
2025-02-19 13:04:50,265 Sending RC control: lr=0, fb=100, ud=0, yaw=0
2025-02-19 13:04:50,299 Sending RC control: lr=0, fb=100, ud=0, yaw=0
2025-02-19 13:04:50,332 Sending RC control: lr=0, fb=100, ud=0, yaw=0
2025-02-19 13:04:50,366 Sending RC control: lr=0, fb=100, ud=0, yaw=0
2025-02-19 13:04:50,403 Sending RC control: lr=0, fb=100, ud=0, yaw=0
2025-02-19 13:04:50,439 Sending RC control: lr=0, fb=100, ud=0, yaw=0
2025-02-19 13:04:50,472 Sending RC control: lr=0, fb=100, ud=0, yaw=0
2025-02-19 13:04:50,506 Sending RC control: lr=0, fb=100, ud=0, yaw=0
2025-02-19 13:04:50,540 Sending RC control: lr=0, fb=100, ud=0, yaw=0
2025-02-19 13:04:50,578 Sending RC control: lr=0, fb=100, ud=0, yaw=0
2025-02-19 13:04:50,611 Sending RC control: lr=0, fb=0, ud=0, yaw=0
2025-02-19 13:04:50,645 Sending RC control: lr=0, fb=0, ud=0, yaw=0
2025-02-19 13:04:50,679 Sending RC control: lr=0, fb=0, ud=0, yaw=0
2025-02-19 13:04:50,713 Sending RC control: lr=0, fb=0, ud=0, yaw=0
2025-02-19 13:04:50,747 Sending RC control: lr=0, fb=0, ud=0, yaw=0
2025-02-19 13:04:50,781 Sending RC control: lr=0, fb=0, ud=0, yaw=0
2025-02-19 13:04:50,815 Sending RC control: lr=0, fb=0, ud=0, yaw=0
2025-02-19 13:04:50,849 Sending RC control: lr=0, fb=0, ud=0, yaw=0
2025-02-19 13:04:50,883 Sending RC control: lr=0, fb=0, ud=0, yaw=0
2025-02-19 13:04:50,917 Sending RC control: lr=0, fb=0, ud=0, yaw=0
2025-02-19 13:04:50,951 Sending RC control: lr=0, fb=0, ud=0, yaw=0
2025-02-19 13:04:50,991 Sending RC control: lr=0, fb=0, ud=0, yaw=0
2025-02-19 13:04:51,032 Sending RC control: lr=0, fb=0, ud=0, yaw=0
2025-02-19 13:04:51,066 Sending RC control: lr=0, fb=0, ud=0, yaw=0
2025-02-19 13:04:51,100 Sending RC control: lr=0, fb=0, ud=0, yaw=0
2025-02-19 13:04:51,134 Sending RC control: lr=0, fb=0, ud=0, yaw=0
2025-02-19 13:04:51,168 Sending RC control: lr=0, fb=0, ud=0, yaw=0
2025-02-19 13:04:51,202 Sending RC control: lr=0, fb=0, ud=0, yaw=0
2025-02-19 13:04:51,236 Sending RC control: lr=0, fb=0, ud=0, yaw=0
2025-02-19 13:04:51,269 Sending RC control: lr=0, fb=0, ud=0, yaw=0
2025-02-19 13:04:51,302 Sending RC control: lr=0, fb=0, ud=0, yaw=0
2025-02-19 13:04:51,335 Sending RC control: lr=0, fb=0, ud=0, yaw=0
2025-02-19 13:04:51,370 Sending RC control: lr=0, fb=0, ud=0, yaw=0
2025-02-19 13:04:51,404 Sending RC control: lr=0, fb=0, ud=0, yaw=0
2025-02-19 13:04:51,439 Sending RC control: lr=0, fb=0, ud=0, yaw=0
2025-02-19 13:04:51,471 Sending RC control: lr=0, fb=0, ud=0, yaw=0
2025-02-19 13:04:51,510 Sending RC control: lr=0, fb=0, ud=0, yaw=0
2025-02-19 13:04:51,543 Sending RC control: lr=0, fb=0, ud=0, yaw=0
2025-02-19 13:04:51,577 Sending RC control: lr=0, fb=0, ud=0, yaw=0
2025-02-19 13:04:51,611 Sending RC control: lr=0, fb=0, ud=0, yaw=0
2025-02-19 13:04:51,643 Sending RC control: lr=0, fb=0, ud=0, yaw=0
2025-02-19 13:04:51,707 Sending RC control: lr=0, fb=0, ud=0, yaw=0
2025-02-19 13:04:51,742 Sending RC control: lr=0, fb=0, ud=0, yaw=0
2025-02-19 13:04:51,775 Sending RC control: lr=0, fb=0, ud=0, yaw=0
2025-02-19 13:04:51,809 Sending RC control: lr=0, fb=0, ud=0, yaw=0
2025-02-19 13:04:51,846 Sending RC control: lr=0, fb=0, ud=0, yaw=0
2025-02-19 13:04:51,880 Sending RC control: lr=0, fb=0, ud=0, yaw=0
2025-02-19 13:04:51,914 Sending RC control: lr=0, fb=0, ud=0, yaw=0
2025-02-19 13:04:51,948 Sending RC control: lr=0, fb=0, ud=0, yaw=0
2025-02-19 13:04:51,982 Sending RC control: lr=0, fb=0, ud=0, yaw=0
2025-02-19 13:04:52,015 Sending RC control: lr=0, fb=0, ud=0, yaw=0
2025-02-19 13:04:52,050 Sending RC control: lr=0, fb=0, ud=0, yaw=0
2025-02-19 13:04:52,119 Sending RC control: lr=0, fb=0, ud=0, yaw=0
2025-02-19 13:04:52,151 Sending RC control: lr=0, fb=0, ud=0, yaw=0
2025-02-19 13:04:52,185 Sending RC control: lr=0, fb=0, ud=0, yaw=0
2025-02-19 13:04:52,219 Sending RC control: lr=0, fb=0, ud=0, yaw=0
2025-02-19 13:04:52,254 Sending RC control: lr=0, fb=0, ud=0, yaw=0
2025-02-19 13:04:52,285 Sending RC control: lr=0, fb=0, ud=0, yaw=0
2025-02-19 13:04:52,319 Sending RC control: lr=0, fb=0, ud=0, yaw=0
2025-02-19 13:04:52,353 Sending RC control: lr=0, fb=0, ud=0, yaw=0
2025-02-19 13:04:52,388 Sending RC control: lr=0, fb=0, ud=0, yaw=0
2025-02-19 13:04:52,422 Sending RC control: lr=0, fb=0, ud=0, yaw=0
2025-02-19 13:04:52,456 Sending RC control: lr=0, fb=0, ud=0, yaw=0
2025-02-19 13:04:52,490 Sending RC control: lr=0, fb=0, ud=0, yaw=0
2025-02-19 13:04:52,524 Sending RC control: lr=0, fb=0, ud=0, yaw=0
2025-02-19 13:04:52,557 Sending RC control: lr=0, fb=0, ud=0, yaw=0
2025-02-19 13:04:52,592 Sending RC control: lr=0, fb=0, ud=0, yaw=0
2025-02-19 13:04:52,625 Sending RC control: lr=0, fb=0, ud=0, yaw=0
2025-02-19 13:04:52,660 Sending RC control: lr=0, fb=0, ud=0, yaw=0
2025-02-19 13:04:52,693 Sending RC control: lr=0, fb=0, ud=0, yaw=0
2025-02-19 13:04:52,726 Sending RC control: lr=0, fb=0, ud=0, yaw=0
2025-02-19 13:04:52,760 Sending RC control: lr=0, fb=0, ud=0, yaw=0
2025-02-19 13:04:52,794 Sending RC control: lr=0, fb=0, ud=0, yaw=0
2025-02-19 13:04:52,829 Sending RC control: lr=0, fb=0, ud=0, yaw=0
2025-02-19 13:04:52,862 Sending RC control: lr=0, fb=0, ud=0, yaw=0
2025-02-19 13:04:52,896 Sending RC control: lr=0, fb=0, ud=0, yaw=0
2025-02-19 13:04:52,930 Sending RC control: lr=0, fb=0, ud=0, yaw=0
2025-02-19 13:04:52,964 Sending RC control: lr=0, fb=100, ud=0, yaw=0
2025-02-19 13:04:52,997 Sending RC control: lr=0, fb=100, ud=0, yaw=0
2025-02-19 13:04:53,032 Sending RC control: lr=0, fb=100, ud=0, yaw=0
2025-02-19 13:04:53,065 Sending RC control: lr=0, fb=100, ud=0, yaw=0
2025-02-19 13:04:53,099 Sending RC control: lr=0, fb=100, ud=0, yaw=0
2025-02-19 13:04:53,134 Sending RC control: lr=0, fb=100, ud=0, yaw=0
2025-02-19 13:04:53,167 Sending RC control: lr=0, fb=100, ud=0, yaw=0
2025-02-19 13:04:53,202 Sending RC control: lr=0, fb=100, ud=0, yaw=0
2025-02-19 13:04:53,241 Sending RC control: lr=0, fb=100, ud=0, yaw=0
2025-02-19 13:04:53,274 Sending RC control: lr=0, fb=100, ud=0, yaw=0
2025-02-19 13:04:53,308 Sending RC control: lr=0, fb=100, ud=0, yaw=0
2025-02-19 13:04:53,341 Sending RC control: lr=0, fb=100, ud=0, yaw=0
2025-02-19 13:04:53,376 Sending RC control: lr=0, fb=100, ud=0, yaw=0
2025-02-19 13:04:53,409 Sending RC control: lr=0, fb=100, ud=0, yaw=0
2025-02-19 13:04:53,442 Sending RC control: lr=0, fb=100, ud=0, yaw=0
2025-02-19 13:04:53,477 Sending RC control: lr=0, fb=100, ud=0, yaw=0
2025-02-19 13:04:53,512 Sending RC control: lr=0, fb=100, ud=0, yaw=0
2025-02-19 13:04:53,544 Sending RC control: lr=0, fb=100, ud=0, yaw=0
2025-02-19 13:04:53,577 Sending RC control: lr=0, fb=100, ud=0, yaw=0
2025-02-19 13:04:53,611 Sending RC control: lr=0, fb=100, ud=0, yaw=0
2025-02-19 13:04:53,645 Sending RC control: lr=0, fb=100, ud=0, yaw=0
2025-02-19 13:04:53,679 Sending RC control: lr=0, fb=100, ud=0, yaw=0
2025-02-19 13:04:53,712 Sending RC control: lr=0, fb=100, ud=0, yaw=0
2025-02-19 13:04:53,748 Sending RC control: lr=0, fb=100, ud=0, yaw=0
2025-02-19 13:04:53,783 Sending RC control: lr=0, fb=100, ud=0, yaw=0
2025-02-19 13:04:53,816 Sending RC control: lr=0, fb=100, ud=0, yaw=0
2025-02-19 13:04:53,850 Sending RC control: lr=0, fb=100, ud=0, yaw=0
2025-02-19 13:04:53,884 Sending RC control: lr=0, fb=100, ud=0, yaw=0
2025-02-19 13:04:53,917 Sending RC control: lr=0, fb=100, ud=0, yaw=0
2025-02-19 13:04:53,951 Sending RC control: lr=0, fb=100, ud=0, yaw=0
2025-02-19 13:04:53,985 Sending RC control: lr=0, fb=100, ud=0, yaw=0
2025-02-19 13:04:54,020 Sending RC control: lr=0, fb=100, ud=0, yaw=0
2025-02-19 13:04:54,053 Sending RC control: lr=0, fb=100, ud=0, yaw=0
2025-02-19 13:04:54,087 Sending RC control: lr=0, fb=100, ud=0, yaw=0
2025-02-19 13:04:54,121 Sending RC control: lr=0, fb=100, ud=0, yaw=0
2025-02-19 13:04:54,154 Sending RC control: lr=0, fb=100, ud=0, yaw=0
2025-02-19 13:04:54,187 Sending RC control: lr=0, fb=100, ud=0, yaw=0
2025-02-19 13:04:54,221 Sending RC control: lr=0, fb=100, ud=0, yaw=0
2025-02-19 13:04:54,255 Sending RC control: lr=0, fb=100, ud=0, yaw=0
2025-02-19 13:04:54,288 Sending RC control: lr=0, fb=100, ud=0, yaw=0
2025-02-19 13:04:54,323 Sending RC control: lr=0, fb=100, ud=0, yaw=0
2025-02-19 13:04:54,356 Sending RC control: lr=0, fb=100, ud=0, yaw=0
2025-02-19 13:04:54,392 Sending RC control: lr=0, fb=100, ud=0, yaw=0
2025-02-19 13:04:54,425 Sending RC control: lr=0, fb=100, ud=0, yaw=0
2025-02-19 13:04:54,459 Sending RC control: lr=0, fb=100, ud=0, yaw=0
2025-02-19 13:04:54,493 Sending RC control: lr=0, fb=100, ud=0, yaw=0
2025-02-19 13:04:54,527 Sending RC control: lr=0, fb=100, ud=0, yaw=0
2025-02-19 13:04:54,561 Sending RC control: lr=0, fb=100, ud=0, yaw=0
2025-02-19 13:04:54,595 Sending RC control: lr=0, fb=100, ud=0, yaw=0
2025-02-19 13:04:54,628 Sending RC control: lr=0, fb=100, ud=0, yaw=0
2025-02-19 13:04:54,667 Sending RC control: lr=0, fb=0, ud=0, yaw=0
2025-02-19 13:04:54,709 Sending RC control: lr=0, fb=0, ud=0, yaw=0
2025-02-19 13:04:54,743 Sending RC control: lr=0, fb=0, ud=0, yaw=0
2025-02-19 13:04:54,777 Sending RC control: lr=0, fb=0, ud=0, yaw=0
2025-02-19 13:04:54,810 Sending RC control: lr=0, fb=0, ud=0, yaw=0
2025-02-19 13:04:54,846 Sending RC control: lr=0, fb=0, ud=0, yaw=0
2025-02-19 13:04:54,878 Sending RC control: lr=0, fb=0, ud=0, yaw=0
2025-02-19 13:04:54,911 Sending RC control: lr=0, fb=0, ud=0, yaw=0
2025-02-19 13:04:54,947 Sending RC control: lr=0, fb=0, ud=0, yaw=0
2025-02-19 13:04:54,980 Sending RC control: lr=0, fb=0, ud=0, yaw=0
2025-02-19 13:04:55,016 Sending RC control: lr=0, fb=0, ud=0, yaw=0
2025-02-19 13:04:55,049 Sending RC control: lr=0, fb=0, ud=0, yaw=0
2025-02-19 13:04:55,082 Sending RC control: lr=0, fb=0, ud=0, yaw=0
2025-02-19 13:04:55,116 Sending RC control: lr=0, fb=-100, ud=0, yaw=0
2025-02-19 13:04:55,149 Sending RC control: lr=0, fb=-100, ud=0, yaw=0
2025-02-19 13:04:55,183 Sending RC control: lr=0, fb=-100, ud=0, yaw=0
2025-02-19 13:04:55,217 Sending RC control: lr=0, fb=-100, ud=0, yaw=0
2025-02-19 13:04:55,250 Sending RC control: lr=0, fb=-100, ud=0, yaw=0
2025-02-19 13:04:55,288 Sending RC control: lr=0, fb=-100, ud=0, yaw=0
2025-02-19 13:04:55,323 Sending RC control: lr=0, fb=-100, ud=0, yaw=0
2025-02-19 13:04:55,356 Sending RC control: lr=0, fb=-100, ud=0, yaw=0
2025-02-19 13:04:55,417 Sending RC control: lr=0, fb=-100, ud=0, yaw=0
2025-02-19 13:04:55,452 Sending RC control: lr=0, fb=-100, ud=0, yaw=0
2025-02-19 13:04:55,491 Sending RC control: lr=0, fb=-100, ud=0, yaw=0
2025-02-19 13:04:55,533 Sending RC control: lr=0, fb=-100, ud=0, yaw=0
2025-02-19 13:04:55,567 Sending RC control: lr=0, fb=-100, ud=0, yaw=0
2025-02-19 13:04:55,601 Sending RC control: lr=0, fb=-100, ud=0, yaw=0
2025-02-19 13:04:55,634 Sending RC control: lr=0, fb=-100, ud=0, yaw=0
2025-02-19 13:04:55,668 Sending RC control: lr=0, fb=-100, ud=0, yaw=0
2025-02-19 13:04:55,703 Sending RC control: lr=0, fb=-100, ud=0, yaw=0
2025-02-19 13:04:55,736 Sending RC control: lr=0, fb=-100, ud=0, yaw=0
2025-02-19 13:04:55,769 Sending RC control: lr=0, fb=-100, ud=0, yaw=0
2025-02-19 13:04:55,803 Sending RC control: lr=0, fb=0, ud=0, yaw=0
2025-02-19 13:04:55,837 Sending RC control: lr=0, fb=0, ud=0, yaw=0
2025-02-19 13:04:55,869 Sending RC control: lr=0, fb=0, ud=0, yaw=0
2025-02-19 13:04:55,904 Sending RC control: lr=0, fb=0, ud=0, yaw=0
2025-02-19 13:04:55,937 Sending RC control: lr=0, fb=0, ud=0, yaw=0
2025-02-19 13:04:55,971 Sending RC control: lr=0, fb=0, ud=0, yaw=0
2025-02-19 13:04:56,005 Sending RC control: lr=0, fb=0, ud=0, yaw=0
2025-02-19 13:04:56,039 Sending RC control: lr=0, fb=0, ud=0, yaw=0
2025-02-19 13:04:56,072 Sending RC control: lr=0, fb=0, ud=0, yaw=0
2025-02-19 13:04:56,106 Sending RC control: lr=0, fb=0, ud=0, yaw=0
2025-02-19 13:04:56,139 Sending RC control: lr=0, fb=0, ud=0, yaw=0
2025-02-19 13:04:56,172 Sending RC control: lr=0, fb=0, ud=0, yaw=0
2025-02-19 13:04:56,227 Sending RC control: lr=0, fb=0, ud=0, yaw=0
2025-02-19 13:04:56,264 Sending RC control: lr=0, fb=0, ud=0, yaw=0
2025-02-19 13:04:56,300 Sending RC control: lr=0, fb=0, ud=0, yaw=0
2025-02-19 13:04:56,334 Sending RC control: lr=0, fb=0, ud=0, yaw=0
2025-02-19 13:04:56,372 Sending RC control: lr=0, fb=0, ud=0, yaw=0
2025-02-19 13:04:56,408 Sending RC control: lr=0, fb=0, ud=0, yaw=0
2025-02-19 13:04:56,442 Sending RC control: lr=0, fb=0, ud=0, yaw=0
2025-02-19 13:04:56,476 Sending RC control: lr=0, fb=0, ud=0, yaw=0
2025-02-19 13:04:56,509 Sending RC control: lr=0, fb=0, ud=0, yaw=0
2025-02-19 13:04:56,543 Sending RC control: lr=0, fb=0, ud=0, yaw=0
2025-02-19 13:04:56,576 Sending RC control: lr=0, fb=0, ud=0, yaw=0
2025-02-19 13:04:56,609 Sending RC control: lr=0, fb=0, ud=0, yaw=0
2025-02-19 13:04:56,642 Sending RC control: lr=0, fb=0, ud=0, yaw=0
2025-02-19 13:04:56,690 Sending RC control: lr=0, fb=0, ud=0, yaw=0
2025-02-19 13:04:56,732 Sending RC control: lr=0, fb=-100, ud=0, yaw=0
2025-02-19 13:04:56,766 Sending RC control: lr=0, fb=-100, ud=0, yaw=0
2025-02-19 13:04:56,799 Sending RC control: lr=0, fb=-100, ud=0, yaw=0
2025-02-19 13:04:56,833 Sending RC control: lr=0, fb=-100, ud=0, yaw=0
2025-02-19 13:04:56,868 Sending RC control: lr=0, fb=-100, ud=0, yaw=0
2025-02-19 13:04:56,901 Sending RC control: lr=0, fb=-100, ud=0, yaw=0
2025-02-19 13:04:56,937 Sending RC control: lr=0, fb=-100, ud=0, yaw=0
2025-02-19 13:04:56,969 Sending RC control: lr=0, fb=-100, ud=0, yaw=0
2025-02-19 13:04:57,003 Sending RC control: lr=0, fb=-100, ud=0, yaw=0
2025-02-19 13:04:57,049 Sending RC control: lr=0, fb=-100, ud=0, yaw=0
2025-02-19 13:04:57,082 Sending RC control: lr=0, fb=-100, ud=0, yaw=0
2025-02-19 13:04:57,117 Sending RC control: lr=0, fb=-100, ud=0, yaw=0
2025-02-19 13:04:57,151 Sending RC control: lr=0, fb=-100, ud=0, yaw=0
2025-02-19 13:04:57,186 Sending RC control: lr=0, fb=-100, ud=0, yaw=0
2025-02-19 13:04:57,216 Sending RC control: lr=0, fb=-100, ud=0, yaw=0
2025-02-19 13:04:57,251 Sending RC control: lr=0, fb=-100, ud=0, yaw=0
2025-02-19 13:04:57,283 Sending RC control: lr=0, fb=-100, ud=0, yaw=0
2025-02-19 13:04:57,317 Sending RC control: lr=0, fb=-100, ud=0, yaw=0
2025-02-19 13:04:57,351 Sending RC control: lr=0, fb=-100, ud=0, yaw=0
2025-02-19 13:04:57,388 Sending RC control: lr=0, fb=-100, ud=0, yaw=0
2025-02-19 13:04:57,421 Sending RC control: lr=0, fb=-100, ud=0, yaw=0
2025-02-19 13:04:57,456 Sending RC control: lr=0, fb=-100, ud=0, yaw=0
2025-02-19 13:04:57,491 Sending RC control: lr=0, fb=-100, ud=0, yaw=0
2025-02-19 13:04:57,523 Sending RC control: lr=0, fb=-100, ud=0, yaw=0
2025-02-19 13:04:57,557 Sending RC control: lr=0, fb=-100, ud=0, yaw=0
2025-02-19 13:04:57,591 Sending RC control: lr=0, fb=-100, ud=0, yaw=0
2025-02-19 13:04:57,625 Sending RC control: lr=0, fb=-100, ud=0, yaw=0
2025-02-19 13:04:57,658 Sending RC control: lr=0, fb=-100, ud=0, yaw=0
2025-02-19 13:04:57,690 Sending RC control: lr=0, fb=-100, ud=0, yaw=0
2025-02-19 13:04:57,725 Sending RC control: lr=0, fb=-100, ud=0, yaw=0
2025-02-19 13:04:57,759 Sending RC control: lr=0, fb=-100, ud=0, yaw=0
2025-02-19 13:04:57,792 Sending RC control: lr=0, fb=-100, ud=0, yaw=0
2025-02-19 13:04:57,828 Sending RC control: lr=0, fb=-100, ud=0, yaw=0
2025-02-19 13:04:57,861 Sending RC control: lr=0, fb=-100, ud=0, yaw=0
2025-02-19 13:04:57,894 Sending RC control: lr=0, fb=-100, ud=0, yaw=0
2025-02-19 13:04:57,933 Sending RC control: lr=0, fb=-100, ud=0, yaw=0
2025-02-19 13:04:57,965 Sending RC control: lr=0, fb=-100, ud=0, yaw=0
2025-02-19 13:04:58,000 Sending RC control: lr=0, fb=-100, ud=0, yaw=0
2025-02-19 13:04:58,032 Sending RC control: lr=0, fb=-100, ud=0, yaw=0
2025-02-19 13:04:58,067 Sending RC control: lr=0, fb=-100, ud=0, yaw=0
2025-02-19 13:04:58,101 Sending RC control: lr=0, fb=-100, ud=0, yaw=0
2025-02-19 13:04:58,137 Sending RC control: lr=0, fb=-100, ud=0, yaw=0
2025-02-19 13:04:58,170 Sending RC control: lr=0, fb=-100, ud=0, yaw=0
2025-02-19 13:04:58,203 Sending RC control: lr=0, fb=-100, ud=0, yaw=0
2025-02-19 13:04:58,237 Sending RC control: lr=0, fb=-100, ud=0, yaw=0
2025-02-19 13:04:58,275 Sending RC control: lr=0, fb=-100, ud=0, yaw=0
2025-02-19 13:04:58,307 Sending RC control: lr=0, fb=-100, ud=0, yaw=0
2025-02-19 13:04:58,342 Sending RC control: lr=0, fb=-100, ud=0, yaw=0
2025-02-19 13:04:58,377 Sending RC control: lr=0, fb=-100, ud=0, yaw=0
2025-02-19 13:04:58,412 Sending RC control: lr=0, fb=-100, ud=0, yaw=0
2025-02-19 13:04:58,444 Sending RC control: lr=0, fb=-100, ud=0, yaw=0
2025-02-19 13:04:58,480 Sending RC control: lr=0, fb=-100, ud=0, yaw=0
2025-02-19 13:04:58,514 Sending RC control: lr=0, fb=-100, ud=0, yaw=0
2025-02-19 13:04:58,547 Sending RC control: lr=0, fb=0, ud=0, yaw=0
2025-02-19 13:04:58,580 Sending RC control: lr=0, fb=0, ud=0, yaw=0
2025-02-19 13:04:58,614 Sending RC control: lr=0, fb=0, ud=0, yaw=0
2025-02-19 13:04:58,648 Sending RC control: lr=0, fb=0, ud=0, yaw=0
2025-02-19 13:04:58,682 Sending RC control: lr=0, fb=0, ud=0, yaw=0
2025-02-19 13:04:58,715 Sending RC control: lr=0, fb=0, ud=0, yaw=0
2025-02-19 13:04:58,750 Sending RC control: lr=0, fb=0, ud=0, yaw=0
2025-02-19 13:04:58,784 Sending RC control: lr=0, fb=0, ud=0, yaw=0
2025-02-19 13:04:58,817 Sending RC control: lr=0, fb=0, ud=0, yaw=0
2025-02-19 13:04:58,852 Sending RC control: lr=0, fb=0, ud=0, yaw=0
2025-02-19 13:04:58,886 Sending RC control: lr=0, fb=0, ud=0, yaw=0
2025-02-19 13:04:58,918 Sending RC control: lr=0, fb=0, ud=0, yaw=0
2025-02-19 13:04:58,952 Sending RC control: lr=0, fb=0, ud=0, yaw=0
2025-02-19 13:04:58,987 Sending RC control: lr=0, fb=0, ud=0, yaw=0
2025-02-19 13:04:59,021 Sending RC control: lr=0, fb=0, ud=0, yaw=0
2025-02-19 13:04:59,055 Sending RC control: lr=0, fb=0, ud=0, yaw=0
2025-02-19 13:04:59,090 Sending RC control: lr=0, fb=0, ud=0, yaw=0
2025-02-19 13:04:59,122 Sending RC control: lr=0, fb=0, ud=0, yaw=0
2025-02-19 13:04:59,156 Sending RC control: lr=0, fb=0, ud=0, yaw=0
2025-02-19 13:04:59,190 Sending RC control: lr=0, fb=0, ud=0, yaw=0
2025-02-19 13:04:59,223 Sending RC control: lr=0, fb=0, ud=0, yaw=0
2025-02-19 13:04:59,256 Sending RC control: lr=0, fb=0, ud=0, yaw=0
2025-02-19 13:04:59,289 Sending RC control: lr=0, fb=0, ud=0, yaw=0
2025-02-19 13:04:59,323 Sending RC control: lr=0, fb=0, ud=0, yaw=0
2025-02-19 13:04:59,365 Sending RC control: lr=0, fb=0, ud=0, yaw=0
2025-02-19 13:04:59,399 Sending RC control: lr=0, fb=0, ud=0, yaw=0
2025-02-19 13:04:59,433 Sending RC control: lr=0, fb=0, ud=0, yaw=0
2025-02-19 13:04:59,469 Sending RC control: lr=0, fb=0, ud=0, yaw=0
2025-02-19 13:04:59,504 Sending RC control: lr=0, fb=0, ud=0, yaw=0
2025-02-19 13:04:59,537 Sending RC control: lr=0, fb=0, ud=0, yaw=0
2025-02-19 13:04:59,571 Sending RC control: lr=0, fb=0, ud=0, yaw=0
2025-02-19 13:04:59,606 Sending RC control: lr=0, fb=0, ud=0, yaw=0
2025-02-19 13:04:59,639 Sending RC control: lr=0, fb=0, ud=0, yaw=0
2025-02-19 13:04:59,684 Sending RC control: lr=0, fb=0, ud=0, yaw=0
2025-02-19 13:04:59,736 Sending RC control: lr=0, fb=0, ud=0, yaw=0
2025-02-19 13:04:59,769 Sending RC control: lr=0, fb=0, ud=0, yaw=0
2025-02-19 13:04:59,803 Sending RC control: lr=0, fb=0, ud=0, yaw=0
2025-02-19 13:04:59,837 Sending RC control: lr=0, fb=0, ud=0, yaw=0
2025-02-19 13:04:59,872 Sending RC control: lr=0, fb=0, ud=0, yaw=0
2025-02-19 13:04:59,916 Sending RC control: lr=0, fb=0, ud=0, yaw=0
2025-02-19 13:04:59,959 Sending RC control: lr=0, fb=0, ud=0, yaw=0
2025-02-19 13:04:59,993 Sending RC control: lr=0, fb=0, ud=0, yaw=0
2025-02-19 13:05:00,027 Sending RC control: lr=0, fb=0, ud=0, yaw=0
2025-02-19 13:05:00,061 Sending RC control: lr=0, fb=0, ud=0, yaw=0
2025-02-19 13:05:00,094 Sending RC control: lr=0, fb=0, ud=0, yaw=0
2025-02-19 13:05:00,128 Sending RC control: lr=0, fb=0, ud=0, yaw=0
2025-02-19 13:05:00,163 Sending RC control: lr=0, fb=0, ud=0, yaw=0
2025-02-19 13:05:00,195 Sending RC control: lr=0, fb=0, ud=0, yaw=0
2025-02-19 13:05:00,230 Sending RC control: lr=0, fb=0, ud=0, yaw=0
2025-02-19 13:05:00,263 Sending RC control: lr=0, fb=0, ud=0, yaw=0
2025-02-19 13:05:00,297 Sending RC control: lr=0, fb=0, ud=0, yaw=0
2025-02-19 13:05:00,331 Sending RC control: lr=0, fb=0, ud=0, yaw=0
2025-02-19 13:05:00,366 Sending RC control: lr=0, fb=0, ud=0, yaw=0
2025-02-19 13:05:00,400 Sending RC control: lr=0, fb=0, ud=0, yaw=0
2025-02-19 13:05:00,434 Sending RC control: lr=0, fb=0, ud=0, yaw=0
2025-02-19 13:05:00,468 Sending RC control: lr=0, fb=0, ud=0, yaw=0
2025-02-19 13:05:00,502 Sending RC control: lr=0, fb=0, ud=0, yaw=0
2025-02-19 13:05:00,535 Sending RC control: lr=0, fb=0, ud=0, yaw=0
2025-02-19 13:05:00,569 Sending RC control: lr=0, fb=0, ud=0, yaw=0
2025-02-19 13:05:00,602 Sending RC control: lr=0, fb=0, ud=0, yaw=0
2025-02-19 13:05:00,638 Sending RC control: lr=0, fb=-100, ud=0, yaw=0
2025-02-19 13:05:00,674 Sending RC control: lr=0, fb=-100, ud=0, yaw=0
2025-02-19 13:05:00,707 Sending RC control: lr=0, fb=-100, ud=0, yaw=0
2025-02-19 13:05:00,742 Sending RC control: lr=0, fb=-100, ud=0, yaw=0
2025-02-19 13:05:00,776 Sending RC control: lr=0, fb=-100, ud=0, yaw=0
2025-02-19 13:05:00,810 Sending RC control: lr=0, fb=-100, ud=0, yaw=0
2025-02-19 13:05:00,844 Sending RC control: lr=0, fb=-100, ud=0, yaw=0
2025-02-19 13:05:00,896 Sending RC control: lr=0, fb=-100, ud=0, yaw=0
2025-02-19 13:05:00,930 Sending RC control: lr=0, fb=-100, ud=0, yaw=0
2025-02-19 13:05:00,963 Sending RC control: lr=0, fb=-100, ud=0, yaw=0
2025-02-19 13:05:01,000 Sending RC control: lr=0, fb=-100, ud=0, yaw=0
2025-02-19 13:05:01,032 Sending RC control: lr=0, fb=-100, ud=0, yaw=0
2025-02-19 13:05:01,066 Sending RC control: lr=0, fb=-100, ud=0, yaw=0
2025-02-19 13:05:01,100 Sending RC control: lr=0, fb=-100, ud=0, yaw=0
2025-02-19 13:05:01,134 Sending RC control: lr=0, fb=-100, ud=0, yaw=0
2025-02-19 13:05:01,167 Sending RC control: lr=0, fb=-100, ud=0, yaw=0
2025-02-19 13:05:01,201 Sending RC control: lr=0, fb=-100, ud=0, yaw=0
2025-02-19 13:05:01,237 Sending RC control: lr=0, fb=-100, ud=0, yaw=0
2025-02-19 13:05:01,273 Sending RC control: lr=0, fb=-100, ud=0, yaw=0
2025-02-19 13:05:01,309 Sending RC control: lr=0, fb=-100, ud=0, yaw=0
2025-02-19 13:05:01,343 Sending RC control: lr=0, fb=-100, ud=0, yaw=0
2025-02-19 13:05:01,377 Sending RC control: lr=0, fb=-100, ud=0, yaw=0
2025-02-19 13:05:01,411 Sending RC control: lr=0, fb=-100, ud=0, yaw=0
2025-02-19 13:05:01,444 Sending RC control: lr=0, fb=-100, ud=0, yaw=0
2025-02-19 13:05:01,498 Sending RC control: lr=0, fb=-100, ud=0, yaw=0
2025-02-19 13:05:01,533 Sending RC control: lr=0, fb=-100, ud=0, yaw=0
2025-02-19 13:05:01,568 Sending RC control: lr=0, fb=-100, ud=0, yaw=0
2025-02-19 13:05:01,601 Sending RC control: lr=0, fb=-100, ud=0, yaw=0
2025-02-19 13:05:01,936 Sending RC control: lr=0, fb=-100, ud=0, yaw=0
2025-02-19 13:05:01,971 Sending RC control: lr=0, fb=-100, ud=0, yaw=0
2025-02-19 13:05:02,003 Sending RC control: lr=0, fb=0, ud=0, yaw=0
2025-02-19 13:05:02,038 Sending RC control: lr=0, fb=0, ud=0, yaw=0
2025-02-19 13:05:02,071 Sending RC control: lr=0, fb=0, ud=0, yaw=0
2025-02-19 13:05:02,105 Sending RC control: lr=0, fb=0, ud=0, yaw=0
2025-02-19 13:05:02,139 Sending RC control: lr=0, fb=0, ud=0, yaw=0
2025-02-19 13:05:02,173 Sending RC control: lr=0, fb=0, ud=0, yaw=0
2025-02-19 13:05:02,210 Sending RC control: lr=0, fb=0, ud=0, yaw=0
2025-02-19 13:05:02,244 Sending RC control: lr=0, fb=0, ud=0, yaw=0
2025-02-19 13:05:02,277 Sending RC control: lr=0, fb=0, ud=0, yaw=0
2025-02-19 13:05:02,311 Sending RC control: lr=0, fb=0, ud=0, yaw=0
2025-02-19 13:05:02,354 Sending RC control: lr=0, fb=0, ud=0, yaw=0
2025-02-19 13:05:02,389 Sending RC control: lr=0, fb=0, ud=0, yaw=0
2025-02-19 13:05:02,422 Sending RC control: lr=0, fb=0, ud=0, yaw=0
2025-02-19 13:05:02,456 Sending RC control: lr=0, fb=0, ud=0, yaw=0
2025-02-19 13:05:02,489 Sending RC control: lr=0, fb=0, ud=0, yaw=0
2025-02-19 13:05:02,527 Sending RC control: lr=0, fb=0, ud=0, yaw=0
2025-02-19 13:05:02,560 Sending RC control: lr=0, fb=0, ud=0, yaw=0
2025-02-19 13:05:02,594 Sending RC control: lr=0, fb=0, ud=0, yaw=0
2025-02-19 13:05:02,628 Sending RC control: lr=0, fb=0, ud=0, yaw=0
2025-02-19 13:05:02,662 Sending RC control: lr=0, fb=0, ud=0, yaw=0
2025-02-19 13:05:02,712 Sending RC control: lr=0, fb=0, ud=0, yaw=0
2025-02-19 13:05:02,744 Sending RC control: lr=0, fb=0, ud=0, yaw=0
2025-02-19 13:05:02,777 Sending RC control: lr=0, fb=0, ud=0, yaw=0
2025-02-19 13:05:02,813 Sending RC control: lr=0, fb=0, ud=0, yaw=0
2025-02-19 13:05:02,847 Sending RC control: lr=0, fb=0, ud=0, yaw=0
2025-02-19 13:05:02,881 Sending RC control: lr=0, fb=0, ud=0, yaw=0
2025-02-19 13:05:02,916 Sending RC control: lr=0, fb=0, ud=0, yaw=0
2025-02-19 13:05:02,950 Sending RC control: lr=0, fb=0, ud=0, yaw=0
2025-02-19 13:05:02,985 Sending RC control: lr=0, fb=0, ud=0, yaw=0
2025-02-19 13:05:03,019 Sending RC control: lr=0, fb=0, ud=0, yaw=0
2025-02-19 13:05:03,052 Sending RC control: lr=0, fb=0, ud=0, yaw=0
2025-02-19 13:05:03,087 Sending RC control: lr=0, fb=0, ud=0, yaw=0
2025-02-19 13:05:03,126 Sending RC control: lr=0, fb=0, ud=0, yaw=0
2025-02-19 13:05:03,158 Sending RC control: lr=0, fb=0, ud=0, yaw=0
2025-02-19 13:05:03,191 Sending RC control: lr=0, fb=0, ud=0, yaw=0
2025-02-19 13:05:03,224 Sending RC control: lr=0, fb=0, ud=0, yaw=0
2025-02-19 13:05:03,259 Sending RC control: lr=0, fb=0, ud=0, yaw=0
2025-02-19 13:05:03,292 Sending RC control: lr=0, fb=0, ud=0, yaw=0
2025-02-19 13:05:03,326 Sending RC control: lr=0, fb=0, ud=0, yaw=0
2025-02-19 13:05:03,361 Sending RC control: lr=0, fb=0, ud=0, yaw=0
2025-02-19 13:05:03,395 Sending RC control: lr=0, fb=0, ud=0, yaw=0
2025-02-19 13:05:03,429 Sending RC control: lr=0, fb=0, ud=0, yaw=0
2025-02-19 13:05:03,464 Sending RC control: lr=0, fb=0, ud=0, yaw=0
2025-02-19 13:05:03,497 Sending RC control: lr=0, fb=0, ud=0, yaw=0
2025-02-19 13:05:03,531 Sending RC control: lr=0, fb=0, ud=0, yaw=0
2025-02-19 13:05:03,565 Sending RC control: lr=0, fb=0, ud=0, yaw=0
2025-02-19 13:05:03,597 Sending RC control: lr=0, fb=0, ud=0, yaw=0
2025-02-19 13:05:03,631 Sending RC control: lr=0, fb=0, ud=0, yaw=0
2025-02-19 13:05:03,671 Sending RC control: lr=0, fb=0, ud=0, yaw=0
2025-02-19 13:05:03,704 Sending RC control: lr=0, fb=0, ud=0, yaw=0
2025-02-19 13:05:03,737 Sending RC control: lr=0, fb=0, ud=0, yaw=0
2025-02-19 13:05:03,773 Sending RC control: lr=0, fb=0, ud=0, yaw=0
2025-02-19 13:05:03,811 Sending RC control: lr=0, fb=0, ud=0, yaw=0
2025-02-19 13:05:03,844 Sending RC control: lr=0, fb=0, ud=0, yaw=0
2025-02-19 13:05:03,878 Sending RC control: lr=0, fb=0, ud=0, yaw=0
2025-02-19 13:05:03,913 Sending RC control: lr=0, fb=0, ud=0, yaw=0
2025-02-19 13:05:03,946 Sending RC control: lr=0, fb=0, ud=0, yaw=0
2025-02-19 13:05:03,980 Sending RC control: lr=0, fb=0, ud=0, yaw=0
2025-02-19 13:05:04,014 Sending RC control: lr=0, fb=0, ud=0, yaw=0
2025-02-19 13:05:04,048 Sending RC control: lr=0, fb=0, ud=0, yaw=0
2025-02-19 13:05:04,081 Sending RC control: lr=0, fb=0, ud=0, yaw=0
2025-02-19 13:05:04,118 Sending RC control: lr=0, fb=0, ud=0, yaw=0
2025-02-19 13:05:04,152 Sending RC control: lr=0, fb=0, ud=0, yaw=0
2025-02-19 13:05:04,186 Sending RC control: lr=0, fb=0, ud=0, yaw=0
2025-02-19 13:05:04,237 Sending RC control: lr=0, fb=0, ud=0, yaw=0
2025-02-19 13:05:04,271 Sending RC control: lr=0, fb=0, ud=0, yaw=0
2025-02-19 13:05:04,305 Sending RC control: lr=0, fb=0, ud=0, yaw=0
2025-02-19 13:05:04,339 Sending RC control: lr=0, fb=0, ud=0, yaw=0
2025-02-19 13:05:04,402 Sending RC control: lr=0, fb=0, ud=0, yaw=0
2025-02-19 13:05:04,456 Sending RC control: lr=0, fb=0, ud=0, yaw=0
2025-02-19 13:05:04,491 Sending RC control: lr=0, fb=0, ud=0, yaw=0
2025-02-19 13:05:04,524 Sending RC control: lr=0, fb=0, ud=0, yaw=0
2025-02-19 13:05:04,558 Sending RC control: lr=0, fb=0, ud=0, yaw=0
2025-02-19 13:05:04,591 Sending RC control: lr=0, fb=0, ud=0, yaw=0
2025-02-19 13:05:04,626 Sending RC control: lr=0, fb=0, ud=0, yaw=0
2025-02-19 13:05:04,660 Sending RC control: lr=0, fb=0, ud=0, yaw=0
2025-02-19 13:05:04,693 Sending RC control: lr=0, fb=0, ud=0, yaw=0
2025-02-19 13:05:04,727 Sending RC control: lr=0, fb=0, ud=0, yaw=0
2025-02-19 13:05:04,761 Sending RC control: lr=0, fb=0, ud=0, yaw=0
2025-02-19 13:05:04,795 Sending RC control: lr=0, fb=0, ud=0, yaw=0
2025-02-19 13:05:04,829 Sending RC control: lr=0, fb=0, ud=0, yaw=0
2025-02-19 13:05:04,862 Sending RC control: lr=0, fb=0, ud=0, yaw=0
2025-02-19 13:05:04,896 Sending RC control: lr=0, fb=0, ud=0, yaw=0
2025-02-19 13:05:04,930 Sending RC control: lr=0, fb=0, ud=0, yaw=0
2025-02-19 13:05:04,963 Sending RC control: lr=0, fb=0, ud=0, yaw=0
2025-02-19 13:05:04,996 Sending RC control: lr=0, fb=0, ud=0, yaw=0
2025-02-19 13:05:05,031 Sending RC control: lr=0, fb=0, ud=0, yaw=0
2025-02-19 13:05:05,067 Sending RC control: lr=0, fb=0, ud=0, yaw=0
2025-02-19 13:05:05,100 Sending RC control: lr=0, fb=0, ud=0, yaw=0
2025-02-19 13:05:05,134 Sending RC control: lr=0, fb=0, ud=0, yaw=0
2025-02-19 13:05:05,167 Sending RC control: lr=0, fb=0, ud=0, yaw=0
2025-02-19 13:05:05,199 Sending RC control: lr=0, fb=0, ud=0, yaw=0
2025-02-19 13:05:05,233 Sending RC control: lr=0, fb=0, ud=0, yaw=0
2025-02-19 13:05:05,267 Sending RC control: lr=0, fb=0, ud=0, yaw=0
2025-02-19 13:05:05,301 Sending RC control: lr=0, fb=0, ud=0, yaw=0
2025-02-19 13:05:05,334 Sending RC control: lr=0, fb=0, ud=0, yaw=0
2025-02-19 13:05:05,368 Sending RC control: lr=0, fb=0, ud=0, yaw=0
2025-02-19 13:05:05,402 Sending RC control: lr=0, fb=0, ud=0, yaw=0
2025-02-19 13:05:05,434 Sending RC control: lr=0, fb=0, ud=0, yaw=0
2025-02-19 13:05:05,572 Sending RC control: lr=0, fb=0, ud=0, yaw=0
2025-02-19 13:05:05,610 Sending RC control: lr=0, fb=0, ud=0, yaw=0
2025-02-19 13:05:05,673 Sending RC control: lr=0, fb=0, ud=0, yaw=0
2025-02-19 13:05:05,707 Sending RC control: lr=0, fb=0, ud=0, yaw=0
2025-02-19 13:05:05,741 Sending RC control: lr=0, fb=0, ud=0, yaw=0
2025-02-19 13:05:05,774 Sending RC control: lr=0, fb=0, ud=0, yaw=0
2025-02-19 13:05:05,809 Sending RC control: lr=0, fb=0, ud=0, yaw=0
2025-02-19 13:05:05,842 Sending RC control: lr=0, fb=0, ud=0, yaw=0
2025-02-19 13:05:05,877 Sending RC control: lr=0, fb=0, ud=0, yaw=0
2025-02-19 13:05:05,911 Sending RC control: lr=0, fb=0, ud=0, yaw=0
2025-02-19 13:05:05,945 Sending RC control: lr=0, fb=0, ud=0, yaw=0
2025-02-19 13:05:05,979 Sending RC control: lr=0, fb=0, ud=0, yaw=0
2025-02-19 13:05:06,015 Sending RC control: lr=0, fb=0, ud=0, yaw=0
2025-02-19 13:05:06,048 Sending RC control: lr=0, fb=0, ud=0, yaw=0
2025-02-19 13:05:06,082 Sending RC control: lr=0, fb=0, ud=0, yaw=0
2025-02-19 13:05:06,116 drone landing
2025-02-19 13:05:10,092 Sending RC control: lr=0, fb=0, ud=0, yaw=0
2025-02-19 13:05:10,203 Sending RC control: lr=0, fb=0, ud=0, yaw=0
2025-02-19 13:05:10,237 Sending RC control: lr=0, fb=0, ud=0, yaw=0
2025-02-19 13:05:10,271 Sending RC control: lr=0, fb=0, ud=0, yaw=0
2025-02-19 13:05:10,305 Sending RC control: lr=0, fb=0, ud=0, yaw=0
2025-02-19 13:05:10,339 Sending RC control: lr=0, fb=0, ud=0, yaw=0
2025-02-19 13:05:10,372 Sending RC control: lr=0, fb=0, ud=0, yaw=0
2025-02-19 13:05:10,405 Sending RC control: lr=0, fb=0, ud=0, yaw=0
2025-02-19 13:05:10,439 Sending RC control: lr=0, fb=0, ud=0, yaw=0
2025-02-19 13:05:10,472 Sending RC control: lr=0, fb=0, ud=0, yaw=0
2025-02-19 13:05:10,511 Sending RC control: lr=0, fb=0, ud=0, yaw=0
2025-02-19 13:05:10,545 Sending RC control: lr=0, fb=0, ud=0, yaw=0
2025-02-19 13:05:10,579 Sending RC control: lr=0, fb=0, ud=0, yaw=0
2025-02-19 13:05:10,613 Sending RC control: lr=0, fb=0, ud=0, yaw=0
2025-02-19 13:05:10,647 Sending RC control: lr=0, fb=0, ud=0, yaw=0
2025-02-19 13:05:10,697 Sending RC control: lr=0, fb=0, ud=0, yaw=0
2025-02-19 13:05:10,731 Sending RC control: lr=0, fb=0, ud=0, yaw=0
2025-02-19 13:05:10,765 Sending RC control: lr=0, fb=0, ud=0, yaw=0
2025-02-19 13:05:10,808 Sending RC control: lr=0, fb=0, ud=0, yaw=0
2025-02-19 13:05:10,841 Sending RC control: lr=0, fb=0, ud=0, yaw=0
2025-02-19 13:05:10,875 Sending RC control: lr=0, fb=0, ud=0, yaw=0
2025-02-19 13:05:10,909 Sending RC control: lr=0, fb=0, ud=0, yaw=0
2025-02-19 13:05:10,943 Sending RC control: lr=0, fb=0, ud=0, yaw=0
2025-02-19 13:05:11,082 Sending RC control: lr=0, fb=0, ud=0, yaw=0
2025-02-19 13:05:11,128 Sending RC control: lr=0, fb=0, ud=0, yaw=0
2025-02-19 13:05:11,162 Sending RC control: lr=0, fb=0, ud=0, yaw=0
2025-02-19 13:05:11,196 Sending RC control: lr=0, fb=0, ud=0, yaw=0
2025-02-19 13:05:11,230 Sending RC control: lr=0, fb=0, ud=0, yaw=0
2025-02-19 13:05:11,265 Sending RC control: lr=0, fb=0, ud=0, yaw=0
2025-02-19 13:05:11,300 Sending RC control: lr=0, fb=0, ud=0, yaw=0
2025-02-19 13:05:11,334 Sending RC control: lr=0, fb=0, ud=0, yaw=0
2025-02-19 13:05:11,366 Sending RC control: lr=0, fb=0, ud=0, yaw=0
2025-02-19 13:05:11,400 Sending RC control: lr=0, fb=0, ud=0, yaw=0
2025-02-19 13:05:11,434 Sending RC control: lr=0, fb=0, ud=0, yaw=0
2025-02-19 13:05:11,468 Sending RC control: lr=0, fb=0, ud=0, yaw=0
2025-02-19 13:05:11,502 Sending RC control: lr=0, fb=0, ud=0, yaw=0
2025-02-19 13:05:11,542 Sending RC control: lr=0, fb=0, ud=0, yaw=0
2025-02-19 13:05:11,575 Sending RC control: lr=0, fb=0, ud=0, yaw=0
2025-02-19 13:05:11,609 Sending RC control: lr=0, fb=0, ud=0, yaw=0
2025-02-19 13:05:11,643 Sending RC control: lr=0, fb=0, ud=0, yaw=0
2025-02-19 13:05:11,677 Sending RC control: lr=0, fb=0, ud=0, yaw=0
2025-02-19 13:05:11,711 Sending RC control: lr=0, fb=0, ud=0, yaw=0
2025-02-19 13:05:11,745 Sending RC control: lr=0, fb=0, ud=0, yaw=0
2025-02-19 13:05:11,779 Sending RC control: lr=0, fb=0, ud=0, yaw=0
2025-02-19 13:05:11,814 Sending RC control: lr=0, fb=0, ud=0, yaw=0
2025-02-19 13:05:11,847 Sending RC control: lr=0, fb=0, ud=0, yaw=0
2025-02-19 13:05:11,881 Sending RC control: lr=0, fb=0, ud=0, yaw=0
2025-02-19 13:05:11,917 Sending RC control: lr=0, fb=0, ud=0, yaw=0
2025-02-19 13:05:11,950 Sending RC control: lr=0, fb=0, ud=0, yaw=0
2025-02-19 13:05:11,985 Sending RC control: lr=0, fb=0, ud=0, yaw=0
2025-02-19 13:05:12,019 Sending RC control: lr=0, fb=0, ud=0, yaw=0
2025-02-19 13:05:12,075 Sending RC control: lr=0, fb=0, ud=0, yaw=0
2025-02-19 13:05:12,108 Sending RC control: lr=0, fb=0, ud=0, yaw=0
2025-02-19 13:05:12,143 Sending RC control: lr=0, fb=0, ud=0, yaw=0
2025-02-19 13:05:12,176 Sending RC control: lr=0, fb=0, ud=0, yaw=0
2025-02-19 13:05:12,211 Sending RC control: lr=0, fb=0, ud=0, yaw=0
2025-02-19 13:05:12,244 Sending RC control: lr=0, fb=0, ud=0, yaw=0
2025-02-19 13:05:12,277 Sending RC control: lr=0, fb=0, ud=0, yaw=0
2025-02-19 13:05:12,311 Sending RC control: lr=0, fb=0, ud=0, yaw=0
2025-02-19 13:05:12,345 Sending RC control: lr=0, fb=0, ud=0, yaw=0
2025-02-19 13:05:12,380 Sending RC control: lr=0, fb=0, ud=0, yaw=0
2025-02-19 13:05:12,414 Sending RC control: lr=0, fb=0, ud=0, yaw=0
2025-02-19 13:05:12,452 Sending RC control: lr=0, fb=100, ud=0, yaw=0
2025-02-19 13:05:12,484 Sending RC control: lr=0, fb=100, ud=0, yaw=0
2025-02-19 13:05:12,518 Sending RC control: lr=0, fb=100, ud=0, yaw=0
2025-02-19 13:05:12,554 Sending RC control: lr=0, fb=100, ud=0, yaw=0
2025-02-19 13:05:12,598 Sending RC control: lr=0, fb=0, ud=0, yaw=0
2025-02-19 13:05:12,631 Sending RC control: lr=0, fb=0, ud=0, yaw=0
2025-02-19 13:05:12,664 Sending RC control: lr=0, fb=0, ud=0, yaw=0
2025-02-19 13:05:12,698 Sending RC control: lr=0, fb=0, ud=0, yaw=0
2025-02-19 13:05:12,733 Sending RC control: lr=0, fb=0, ud=0, yaw=0
2025-02-19 13:05:12,767 Sending RC control: lr=0, fb=0, ud=0, yaw=0
2025-02-19 13:05:12,801 Sending RC control: lr=0, fb=0, ud=0, yaw=0
2025-02-19 13:05:12,835 Sending RC control: lr=0, fb=0, ud=0, yaw=0
2025-02-19 13:05:12,869 Sending RC control: lr=0, fb=0, ud=0, yaw=0
2025-02-19 13:05:12,903 Sending RC control: lr=0, fb=0, ud=0, yaw=0
2025-02-19 13:05:12,939 Sending RC control: lr=0, fb=0, ud=0, yaw=0
2025-02-19 13:05:12,972 Sending RC control: lr=0, fb=0, ud=0, yaw=0
2025-02-19 13:05:13,006 Sending RC control: lr=0, fb=0, ud=0, yaw=0
2025-02-19 13:05:13,040 Sending RC control: lr=0, fb=0, ud=0, yaw=0
2025-02-19 13:37:09,846 Tello instance was initialized. Host: '192.168.10.1'. Port: '8889'.
2025-02-19 13:37:16,916 Aborting command 'command'. Did not receive a response after 7 seconds
2025-02-19 13:37:24,008 Aborting command 'command'. Did not receive a response after 7 seconds
2025-02-19 13:37:31,088 Aborting command 'command'. Did not receive a response after 7 seconds
2025-02-19 13:37:31,093 ERROR: could not connect to Trello Drone: Command 'command' was unsuccessful for 4 tries. Latest response:	'Aborting command 'command'. Did not receive a response after 7 seconds'
2025-02-19 13:37:31,094  => Did you pass in a valid drone base object?
2025-02-19 13:37:31,094  => Verify that your firewall allows UDP ports 8889 and 8890.
2025-02-19 13:37:31,097     The Chromebook's firewall reverts to default settings every
2025-02-19 13:37:31,098     time that you restart the virtual Linux environment.
2025-02-19 13:37:31,098  => You may need to connect to the drone with the Trello App.
2025-02-19 13:37:31,098 Drone connection closed gracefully
2025-02-19 13:37:31,098 ------------------------------------
