2025-02-21 14:00:22,470 Tello instance was initialized. Host: '192.168.10.1'. Port: '8889'.
2025-02-21 14:00:29,563 Aborting command 'command'. Did not receive a response after 7 seconds
2025-02-21 14:00:32,136 Sending RC control: lr=0, fb=0, ud=0, yaw=0
2025-02-21 14:00:35,186 Tello instance was initialized. Host: '192.168.10.1'. Port: '8889'.
2025-02-21 14:00:35,300 Sending RC control: lr=0, fb=0, ud=0, yaw=0
2025-02-21 14:00:35,346 Sending RC control: lr=0, fb=0, ud=0, yaw=0
2025-02-21 14:00:35,391 Sending RC control: lr=0, fb=0, ud=0, yaw=0
2025-02-21 14:00:35,424 Sending RC control: lr=0, fb=0, ud=0, yaw=0
2025-02-21 14:00:35,458 Sending RC control: lr=0, fb=0, ud=0, yaw=0
2025-02-21 14:00:35,492 Sending RC control: lr=0, fb=0, ud=0, yaw=0
2025-02-21 14:00:35,524 Sending RC control: lr=0, fb=0, ud=0, yaw=0
2025-02-21 14:00:35,559 Sending RC control: lr=0, fb=0, ud=0, yaw=0
2025-02-21 14:00:35,593 Sending RC control: lr=0, fb=0, ud=0, yaw=0
2025-02-21 14:00:35,629 Sending RC control: lr=0, fb=0, ud=0, yaw=0
2025-02-21 14:00:35,697 Sending RC control: lr=0, fb=0, ud=0, yaw=0
2025-02-21 14:00:35,734 Sending RC control: lr=0, fb=0, ud=0, yaw=0
2025-02-21 14:00:35,768 Sending RC control: lr=0, fb=0, ud=0, yaw=0
2025-02-21 14:00:35,812 Sending RC control: lr=0, fb=0, ud=0, yaw=0
2025-02-21 14:00:35,845 Sending RC control: lr=0, fb=0, ud=0, yaw=0
2025-02-21 14:00:35,878 Sending RC control: lr=0, fb=0, ud=0, yaw=0
2025-02-21 14:00:35,912 Sending RC control: lr=0, fb=0, ud=0, yaw=0
2025-02-21 14:00:35,951 Sending RC control: lr=0, fb=0, ud=0, yaw=0
2025-02-21 14:00:36,000 Sending RC control: lr=0, fb=0, ud=0, yaw=0
2025-02-21 14:00:36,045 Sending RC control: lr=0, fb=0, ud=0, yaw=0
2025-02-21 14:00:36,079 Sending RC control: lr=0, fb=0, ud=0, yaw=0
2025-02-21 14:00:36,113 Sending RC control: lr=0, fb=0, ud=0, yaw=0
2025-02-21 14:00:36,150 Sending RC control: lr=0, fb=0, ud=0, yaw=0
2025-02-21 14:00:36,191 Sending RC control: lr=0, fb=0, ud=0, yaw=0
2025-02-21 14:00:36,224 Sending RC control: lr=0, fb=0, ud=0, yaw=0
2025-02-21 14:00:36,258 Sending RC control: lr=0, fb=0, ud=0, yaw=0
2025-02-21 14:00:36,314 drone taking off
2025-02-21 14:00:36,315 battery: 79
2025-02-21 14:00:41,476 Sending RC control: lr=0, fb=0, ud=0, yaw=0
2025-02-21 14:00:41,506 Sending RC control: lr=0, fb=0, ud=0, yaw=0
2025-02-21 14:00:41,559 Sending RC control: lr=0, fb=0, ud=0, yaw=0
2025-02-21 14:00:41,591 Sending RC control: lr=0, fb=0, ud=0, yaw=0
2025-02-21 14:00:41,625 Sending RC control: lr=0, fb=0, ud=0, yaw=0
2025-02-21 14:00:41,663 Sending RC control: lr=0, fb=0, ud=0, yaw=0
2025-02-21 14:00:41,707 Sending RC control: lr=0, fb=0, ud=0, yaw=0
2025-02-21 14:00:41,743 Sending RC control: lr=0, fb=0, ud=0, yaw=0
2025-02-21 14:00:41,776 Sending RC control: lr=0, fb=0, ud=0, yaw=0
2025-02-21 14:00:41,810 Sending RC control: lr=0, fb=0, ud=0, yaw=0
2025-02-21 14:00:41,843 Sending RC control: lr=0, fb=0, ud=100, yaw=0
2025-02-21 14:00:41,876 Sending RC control: lr=0, fb=0, ud=100, yaw=0
2025-02-21 14:00:41,910 Sending RC control: lr=0, fb=0, ud=100, yaw=0
2025-02-21 14:00:41,944 Sending RC control: lr=0, fb=0, ud=100, yaw=0
2025-02-21 14:00:41,979 Sending RC control: lr=0, fb=0, ud=100, yaw=0
2025-02-21 14:00:42,015 Sending RC control: lr=0, fb=0, ud=100, yaw=0
2025-02-21 14:00:42,061 Sending RC control: lr=0, fb=0, ud=100, yaw=0
2025-02-21 14:00:42,101 Sending RC control: lr=0, fb=0, ud=0, yaw=0
2025-02-21 14:00:42,134 Sending RC control: lr=0, fb=0, ud=0, yaw=0
2025-02-21 14:00:42,168 Sending RC control: lr=0, fb=0, ud=0, yaw=0
2025-02-21 14:00:42,201 Sending RC control: lr=0, fb=0, ud=0, yaw=0
2025-02-21 14:00:42,234 Sending RC control: lr=0, fb=0, ud=0, yaw=0
2025-02-21 14:00:42,267 Sending RC control: lr=0, fb=0, ud=0, yaw=0
2025-02-21 14:00:42,300 Sending RC control: lr=0, fb=0, ud=0, yaw=0
2025-02-21 14:00:42,334 Sending RC control: lr=0, fb=0, ud=0, yaw=0
2025-02-21 14:00:42,369 Sending RC control: lr=0, fb=0, ud=0, yaw=0
2025-02-21 14:00:42,405 Sending RC control: lr=0, fb=0, ud=0, yaw=0
2025-02-21 14:00:42,440 Sending RC control: lr=0, fb=0, ud=0, yaw=0
2025-02-21 14:00:42,473 Sending RC control: lr=100, fb=0, ud=0, yaw=0
2025-02-21 14:00:42,504 Sending RC control: lr=100, fb=0, ud=0, yaw=0
2025-02-21 14:00:42,539 Sending RC control: lr=100, fb=0, ud=0, yaw=0
2025-02-21 14:00:42,573 Sending RC control: lr=100, fb=100, ud=0, yaw=0
2025-02-21 14:00:42,607 Sending RC control: lr=100, fb=100, ud=0, yaw=0
2025-02-21 14:00:42,645 Sending RC control: lr=100, fb=100, ud=0, yaw=0
2025-02-21 14:00:42,680 Sending RC control: lr=100, fb=100, ud=0, yaw=0
2025-02-21 14:00:42,714 Sending RC control: lr=100, fb=100, ud=0, yaw=0
2025-02-21 14:00:42,747 Sending RC control: lr=100, fb=100, ud=0, yaw=0
2025-02-21 14:00:42,781 Sending RC control: lr=100, fb=100, ud=0, yaw=0
2025-02-21 14:00:42,815 Sending RC control: lr=100, fb=100, ud=0, yaw=0
2025-02-21 14:00:42,848 Sending RC control: lr=0, fb=100, ud=0, yaw=0
2025-02-21 14:00:42,881 Sending RC control: lr=0, fb=100, ud=0, yaw=0
2025-02-21 14:00:42,928 Sending RC control: lr=0, fb=100, ud=0, yaw=0
2025-02-21 14:00:42,970 Sending RC control: lr=0, fb=100, ud=0, yaw=0
2025-02-21 14:00:43,003 Sending RC control: lr=0, fb=0, ud=0, yaw=0
2025-02-21 14:00:43,036 Sending RC control: lr=0, fb=0, ud=0, yaw=0
2025-02-21 14:00:43,070 Sending RC control: lr=0, fb=0, ud=0, yaw=0
2025-02-21 14:00:43,104 Sending RC control: lr=0, fb=0, ud=0, yaw=0
2025-02-21 14:00:43,138 Sending RC control: lr=0, fb=0, ud=0, yaw=0
2025-02-21 14:00:43,172 Sending RC control: lr=0, fb=0, ud=0, yaw=0
2025-02-21 14:00:43,205 Sending RC control: lr=0, fb=0, ud=0, yaw=0
2025-02-21 14:00:43,239 Sending RC control: lr=0, fb=0, ud=100, yaw=0
2025-02-21 14:00:43,273 Sending RC control: lr=0, fb=0, ud=100, yaw=0
2025-02-21 14:00:43,307 Sending RC control: lr=0, fb=0, ud=100, yaw=0
2025-02-21 14:00:43,340 Sending RC control: lr=0, fb=0, ud=100, yaw=0
2025-02-21 14:00:43,374 Sending RC control: lr=0, fb=0, ud=100, yaw=0
2025-02-21 14:00:43,407 Sending RC control: lr=0, fb=0, ud=0, yaw=0
2025-02-21 14:00:43,440 Sending RC control: lr=0, fb=0, ud=0, yaw=0
2025-02-21 14:00:43,476 Sending RC control: lr=0, fb=0, ud=0, yaw=0
2025-02-21 14:00:43,528 Sending RC control: lr=0, fb=0, ud=0, yaw=0
2025-02-21 14:00:43,571 Sending RC control: lr=0, fb=100, ud=0, yaw=0
2025-02-21 14:00:43,604 Sending RC control: lr=0, fb=100, ud=0, yaw=0
2025-02-21 14:00:43,637 Sending RC control: lr=0, fb=100, ud=0, yaw=0
2025-02-21 14:00:43,672 Sending RC control: lr=0, fb=100, ud=0, yaw=0
2025-02-21 14:00:43,705 Sending RC control: lr=0, fb=100, ud=0, yaw=0
2025-02-21 14:00:43,739 Sending RC control: lr=0, fb=100, ud=0, yaw=0
2025-02-21 14:00:43,773 Sending RC control: lr=0, fb=100, ud=0, yaw=0
2025-02-21 14:00:43,815 Sending RC control: lr=0, fb=100, ud=0, yaw=0
2025-02-21 14:00:43,866 Sending RC control: lr=0, fb=100, ud=0, yaw=0
2025-02-21 14:00:43,899 Sending RC control: lr=0, fb=100, ud=0, yaw=0
2025-02-21 14:00:43,934 Sending RC control: lr=0, fb=100, ud=0, yaw=0
2025-02-21 14:00:43,967 Sending RC control: lr=0, fb=100, ud=0, yaw=0
2025-02-21 14:00:44,001 Sending RC control: lr=0, fb=100, ud=0, yaw=0
2025-02-21 14:00:44,040 Sending RC control: lr=0, fb=100, ud=0, yaw=0
2025-02-21 14:00:44,074 Sending RC control: lr=0, fb=100, ud=0, yaw=0
2025-02-21 14:00:44,108 Sending RC control: lr=0, fb=100, ud=0, yaw=0
2025-02-21 14:00:44,141 Sending RC control: lr=0, fb=0, ud=0, yaw=0
2025-02-21 14:00:44,176 Sending RC control: lr=0, fb=0, ud=0, yaw=0
2025-02-21 14:00:44,208 Sending RC control: lr=0, fb=0, ud=0, yaw=0
2025-02-21 14:00:44,243 Sending RC control: lr=0, fb=0, ud=0, yaw=0
2025-02-21 14:00:44,276 Sending RC control: lr=0, fb=0, ud=0, yaw=0
2025-02-21 14:00:44,310 Sending RC control: lr=0, fb=0, ud=0, yaw=0
2025-02-21 14:00:44,343 Sending RC control: lr=0, fb=0, ud=0, yaw=0
2025-02-21 14:00:44,377 Sending RC control: lr=0, fb=0, ud=0, yaw=0
2025-02-21 14:00:44,420 Sending RC control: lr=0, fb=0, ud=0, yaw=0
2025-02-21 14:00:44,453 Sending RC control: lr=0, fb=0, ud=0, yaw=0
2025-02-21 14:00:44,487 Sending RC control: lr=0, fb=0, ud=0, yaw=0
2025-02-21 14:00:44,520 Sending RC control: lr=0, fb=0, ud=0, yaw=0
2025-02-21 14:00:44,554 Sending RC control: lr=0, fb=0, ud=0, yaw=0
2025-02-21 14:00:44,588 Sending RC control: lr=0, fb=0, ud=0, yaw=0
2025-02-21 14:00:44,623 Sending RC control: lr=0, fb=0, ud=0, yaw=0
2025-02-21 14:00:44,660 Sending RC control: lr=0, fb=0, ud=0, yaw=0
2025-02-21 14:00:44,694 Sending RC control: lr=0, fb=0, ud=0, yaw=0
2025-02-21 14:00:44,728 Sending RC control: lr=0, fb=0, ud=0, yaw=0
2025-02-21 14:00:44,762 Sending RC control: lr=0, fb=0, ud=0, yaw=0
2025-02-21 14:00:44,795 Sending RC control: lr=0, fb=0, ud=0, yaw=0
2025-02-21 14:00:44,828 Sending RC control: lr=0, fb=0, ud=0, yaw=0
2025-02-21 14:00:44,862 Sending RC control: lr=0, fb=100, ud=0, yaw=0
2025-02-21 14:00:44,900 Sending RC control: lr=0, fb=100, ud=0, yaw=0
2025-02-21 14:00:44,932 Sending RC control: lr=0, fb=100, ud=0, yaw=0
2025-02-21 14:00:44,966 Sending RC control: lr=0, fb=100, ud=0, yaw=0
2025-02-21 14:00:45,000 Sending RC control: lr=0, fb=100, ud=0, yaw=0
2025-02-21 14:00:45,034 Sending RC control: lr=0, fb=100, ud=0, yaw=0
2025-02-21 14:00:45,075 Sending RC control: lr=0, fb=100, ud=0, yaw=0
2025-02-21 14:00:45,108 Sending RC control: lr=0, fb=0, ud=0, yaw=0
2025-02-21 14:00:45,142 Sending RC control: lr=0, fb=0, ud=0, yaw=0
2025-02-21 14:00:45,176 Sending RC control: lr=0, fb=0, ud=0, yaw=0
2025-02-21 14:00:45,209 Sending RC control: lr=0, fb=0, ud=0, yaw=0
2025-02-21 14:00:45,273 Sending RC control: lr=0, fb=100, ud=0, yaw=0
2025-02-21 14:00:45,308 Sending RC control: lr=0, fb=100, ud=0, yaw=0
2025-02-21 14:00:45,343 Sending RC control: lr=0, fb=100, ud=0, yaw=0
2025-02-21 14:00:45,377 Sending RC control: lr=0, fb=100, ud=0, yaw=0
2025-02-21 14:00:45,412 Sending RC control: lr=0, fb=100, ud=0, yaw=0
2025-02-21 14:00:45,445 Sending RC control: lr=0, fb=100, ud=0, yaw=0
2025-02-21 14:00:45,479 Sending RC control: lr=0, fb=100, ud=0, yaw=0
2025-02-21 14:00:45,512 Sending RC control: lr=0, fb=100, ud=0, yaw=0
2025-02-21 14:00:45,546 Sending RC control: lr=0, fb=100, ud=0, yaw=0
2025-02-21 14:00:45,581 Sending RC control: lr=0, fb=100, ud=0, yaw=0
2025-02-21 14:00:45,615 Sending RC control: lr=0, fb=100, ud=0, yaw=0
2025-02-21 14:00:45,650 Sending RC control: lr=0, fb=100, ud=0, yaw=0
2025-02-21 14:00:45,688 Sending RC control: lr=0, fb=100, ud=0, yaw=0
2025-02-21 14:00:45,723 Sending RC control: lr=0, fb=100, ud=0, yaw=0
2025-02-21 14:00:45,756 Sending RC control: lr=0, fb=0, ud=0, yaw=0
2025-02-21 14:00:45,790 Sending RC control: lr=100, fb=0, ud=0, yaw=0
2025-02-21 14:00:45,824 Sending RC control: lr=100, fb=0, ud=0, yaw=0
2025-02-21 14:00:45,857 Sending RC control: lr=100, fb=0, ud=0, yaw=0
2025-02-21 14:00:45,892 Sending RC control: lr=100, fb=0, ud=0, yaw=0
2025-02-21 14:00:45,925 Sending RC control: lr=100, fb=0, ud=0, yaw=0
2025-02-21 14:00:45,966 Sending RC control: lr=100, fb=0, ud=0, yaw=0
2025-02-21 14:00:46,004 Sending RC control: lr=0, fb=0, ud=0, yaw=0
2025-02-21 14:00:46,038 Sending RC control: lr=0, fb=0, ud=0, yaw=0
2025-02-21 14:00:46,085 Sending RC control: lr=0, fb=0, ud=0, yaw=0
2025-02-21 14:00:46,118 Sending RC control: lr=0, fb=0, ud=0, yaw=0
2025-02-21 14:00:46,151 Sending RC control: lr=0, fb=0, ud=0, yaw=0
2025-02-21 14:00:46,184 Sending RC control: lr=0, fb=0, ud=0, yaw=0
2025-02-21 14:00:46,218 Sending RC control: lr=0, fb=0, ud=0, yaw=0
2025-02-21 14:00:46,272 Sending RC control: lr=0, fb=100, ud=0, yaw=0
2025-02-21 14:00:46,315 Sending RC control: lr=0, fb=100, ud=0, yaw=0
2025-02-21 14:00:46,349 Sending RC control: lr=0, fb=100, ud=0, yaw=0
2025-02-21 14:00:46,382 Sending RC control: lr=0, fb=100, ud=0, yaw=0
2025-02-21 14:00:46,417 Sending RC control: lr=0, fb=100, ud=0, yaw=0
2025-02-21 14:00:46,451 Sending RC control: lr=0, fb=100, ud=0, yaw=0
2025-02-21 14:00:46,484 Sending RC control: lr=0, fb=0, ud=0, yaw=0
2025-02-21 14:00:46,518 Sending RC control: lr=0, fb=0, ud=0, yaw=0
2025-02-21 14:00:46,552 Sending RC control: lr=0, fb=0, ud=0, yaw=0
2025-02-21 14:00:46,586 Sending RC control: lr=-100, fb=0, ud=0, yaw=0
2025-02-21 14:00:46,619 Sending RC control: lr=-100, fb=0, ud=0, yaw=0
2025-02-21 14:00:46,652 Sending RC control: lr=-100, fb=0, ud=0, yaw=0
2025-02-21 14:00:46,685 Sending RC control: lr=0, fb=0, ud=0, yaw=0
2025-02-21 14:00:46,720 Sending RC control: lr=0, fb=0, ud=0, yaw=0
2025-02-21 14:00:46,755 Sending RC control: lr=0, fb=0, ud=0, yaw=0
2025-02-21 14:00:46,815 Sending RC control: lr=0, fb=0, ud=0, yaw=0
2025-02-21 14:00:46,848 Sending RC control: lr=0, fb=0, ud=0, yaw=0
2025-02-21 14:00:46,881 Sending RC control: lr=0, fb=100, ud=0, yaw=0
2025-02-21 14:00:46,917 Sending RC control: lr=0, fb=100, ud=0, yaw=0
2025-02-21 14:00:46,951 Sending RC control: lr=0, fb=100, ud=0, yaw=0
2025-02-21 14:00:46,988 Sending RC control: lr=0, fb=100, ud=0, yaw=0
2025-02-21 14:00:47,039 Sending RC control: lr=0, fb=100, ud=0, yaw=0
2025-02-21 14:00:47,085 Sending RC control: lr=0, fb=100, ud=0, yaw=0
2025-02-21 14:00:47,126 Sending RC control: lr=0, fb=100, ud=0, yaw=0
2025-02-21 14:00:47,160 Sending RC control: lr=0, fb=100, ud=0, yaw=0
2025-02-21 14:00:47,193 Sending RC control: lr=0, fb=100, ud=0, yaw=0
2025-02-21 14:00:47,239 Sending RC control: lr=0, fb=0, ud=0, yaw=0
2025-02-21 14:00:47,271 Sending RC control: lr=0, fb=0, ud=0, yaw=0
2025-02-21 14:00:47,308 Sending RC control: lr=0, fb=0, ud=0, yaw=0
2025-02-21 14:00:47,341 Sending RC control: lr=0, fb=0, ud=0, yaw=0
2025-02-21 14:00:47,400 Sending RC control: lr=0, fb=0, ud=0, yaw=0
2025-02-21 14:00:47,434 Sending RC control: lr=0, fb=0, ud=0, yaw=0
2025-02-21 14:00:47,469 Sending RC control: lr=0, fb=100, ud=0, yaw=0
2025-02-21 14:00:47,509 Sending RC control: lr=0, fb=100, ud=0, yaw=0
2025-02-21 14:00:47,548 Sending RC control: lr=0, fb=100, ud=0, yaw=0
2025-02-21 14:00:47,582 Sending RC control: lr=0, fb=100, ud=0, yaw=0
2025-02-21 14:00:47,615 Sending RC control: lr=0, fb=0, ud=0, yaw=0
2025-02-21 14:00:47,650 Sending RC control: lr=0, fb=0, ud=0, yaw=0
2025-02-21 14:00:47,683 Sending RC control: lr=0, fb=0, ud=0, yaw=0
2025-02-21 14:00:47,718 Sending RC control: lr=0, fb=0, ud=0, yaw=0
2025-02-21 14:00:47,752 Sending RC control: lr=0, fb=0, ud=0, yaw=0
2025-02-21 14:00:47,786 Sending RC control: lr=0, fb=0, ud=0, yaw=0
2025-02-21 14:00:47,819 Sending RC control: lr=0, fb=0, ud=0, yaw=0
2025-02-21 14:00:47,852 Sending RC control: lr=0, fb=0, ud=0, yaw=0
2025-02-21 14:00:47,888 Sending RC control: lr=0, fb=0, ud=0, yaw=0
2025-02-21 14:00:47,920 Sending RC control: lr=0, fb=0, ud=0, yaw=0
2025-02-21 14:00:47,955 Sending RC control: lr=0, fb=0, ud=0, yaw=0
2025-02-21 14:00:47,988 Sending RC control: lr=0, fb=0, ud=0, yaw=0
2025-02-21 14:00:48,023 Sending RC control: lr=0, fb=0, ud=0, yaw=0
2025-02-21 14:00:48,057 Sending RC control: lr=0, fb=0, ud=0, yaw=0
2025-02-21 14:00:48,090 Sending RC control: lr=0, fb=0, ud=0, yaw=0
2025-02-21 14:00:48,124 Sending RC control: lr=0, fb=0, ud=0, yaw=0
2025-02-21 14:00:48,158 Sending RC control: lr=0, fb=0, ud=0, yaw=0
2025-02-21 14:00:48,191 Sending RC control: lr=0, fb=0, ud=0, yaw=0
2025-02-21 14:00:48,231 Sending RC control: lr=0, fb=0, ud=0, yaw=0
2025-02-21 14:00:48,264 Sending RC control: lr=0, fb=0, ud=0, yaw=0
2025-02-21 14:00:48,298 Sending RC control: lr=0, fb=0, ud=0, yaw=0
2025-02-21 14:00:48,332 Sending RC control: lr=0, fb=0, ud=0, yaw=0
2025-02-21 14:00:48,367 Sending RC control: lr=0, fb=0, ud=0, yaw=0
2025-02-21 14:00:48,401 Sending RC control: lr=0, fb=0, ud=0, yaw=0
2025-02-21 14:00:48,435 Sending RC control: lr=0, fb=0, ud=0, yaw=0
2025-02-21 14:00:48,469 Sending RC control: lr=0, fb=0, ud=0, yaw=0
2025-02-21 14:00:48,502 Sending RC control: lr=0, fb=0, ud=0, yaw=0
2025-02-21 14:00:48,535 Sending RC control: lr=0, fb=0, ud=0, yaw=0
2025-02-21 14:00:48,570 Sending RC control: lr=0, fb=0, ud=0, yaw=0
2025-02-21 14:00:48,605 Sending RC control: lr=0, fb=0, ud=0, yaw=0
2025-02-21 14:00:48,642 Sending RC control: lr=0, fb=0, ud=0, yaw=0
2025-02-21 14:00:48,684 Sending RC control: lr=0, fb=0, ud=0, yaw=0
2025-02-21 14:00:48,717 Sending RC control: lr=0, fb=0, ud=0, yaw=0
2025-02-21 14:00:48,751 Sending RC control: lr=0, fb=0, ud=0, yaw=0
2025-02-21 14:00:48,784 Sending RC control: lr=0, fb=0, ud=0, yaw=0
2025-02-21 14:00:48,818 Sending RC control: lr=0, fb=0, ud=0, yaw=0
2025-02-21 14:00:48,851 Sending RC control: lr=0, fb=0, ud=0, yaw=0
2025-02-21 14:00:48,884 Sending RC control: lr=0, fb=0, ud=0, yaw=0
2025-02-21 14:00:48,926 Sending RC control: lr=0, fb=0, ud=0, yaw=0
2025-02-21 14:00:48,968 Sending RC control: lr=0, fb=0, ud=0, yaw=0
2025-02-21 14:00:49,003 Sending RC control: lr=0, fb=0, ud=0, yaw=0
2025-02-21 14:00:49,037 Sending RC control: lr=0, fb=0, ud=0, yaw=0
2025-02-21 14:00:49,070 Sending RC control: lr=0, fb=0, ud=0, yaw=0
2025-02-21 14:00:49,104 Sending RC control: lr=0, fb=0, ud=0, yaw=0
2025-02-21 14:00:49,137 Sending RC control: lr=0, fb=0, ud=0, yaw=0
2025-02-21 14:00:49,171 Sending RC control: lr=0, fb=0, ud=0, yaw=0
2025-02-21 14:00:49,206 Sending RC control: lr=0, fb=0, ud=0, yaw=0
2025-02-21 14:00:49,242 Sending RC control: lr=0, fb=0, ud=0, yaw=0
2025-02-21 14:00:49,276 Sending RC control: lr=0, fb=0, ud=0, yaw=0
2025-02-21 14:00:49,309 Sending RC control: lr=0, fb=0, ud=0, yaw=0
2025-02-21 14:00:49,343 Sending RC control: lr=0, fb=0, ud=0, yaw=0
2025-02-21 14:00:49,378 Sending RC control: lr=0, fb=0, ud=0, yaw=0
2025-02-21 14:00:49,412 Sending RC control: lr=0, fb=0, ud=0, yaw=0
2025-02-21 14:00:49,448 Sending RC control: lr=0, fb=0, ud=0, yaw=0
2025-02-21 14:00:49,483 Sending RC control: lr=0, fb=0, ud=0, yaw=0
2025-02-21 14:00:49,517 Sending RC control: lr=0, fb=0, ud=0, yaw=0
2025-02-21 14:00:49,551 Sending RC control: lr=0, fb=0, ud=0, yaw=0
2025-02-21 14:00:49,585 Sending RC control: lr=0, fb=0, ud=0, yaw=0
2025-02-21 14:00:49,618 Sending RC control: lr=0, fb=0, ud=0, yaw=0
2025-02-21 14:00:49,651 Sending RC control: lr=0, fb=0, ud=0, yaw=0
2025-02-21 14:00:49,684 Sending RC control: lr=0, fb=0, ud=0, yaw=0
2025-02-21 14:00:49,716 Sending RC control: lr=0, fb=0, ud=0, yaw=0
2025-02-21 14:00:49,752 Sending RC control: lr=0, fb=0, ud=0, yaw=0
2025-02-21 14:00:49,784 Sending RC control: lr=0, fb=0, ud=0, yaw=0
2025-02-21 14:00:49,818 Sending RC control: lr=0, fb=0, ud=0, yaw=0
2025-02-21 14:00:49,858 Sending RC control: lr=0, fb=0, ud=0, yaw=0
2025-02-21 14:00:49,892 Sending RC control: lr=0, fb=0, ud=0, yaw=0
2025-02-21 14:00:49,927 Sending RC control: lr=0, fb=0, ud=0, yaw=0
2025-02-21 14:00:49,961 Sending RC control: lr=0, fb=0, ud=0, yaw=0
2025-02-21 14:00:49,997 Sending RC control: lr=0, fb=0, ud=0, yaw=0
2025-02-21 14:00:50,031 Sending RC control: lr=0, fb=0, ud=0, yaw=0
2025-02-21 14:00:50,067 Sending RC control: lr=0, fb=0, ud=0, yaw=0
2025-02-21 14:00:50,099 Sending RC control: lr=0, fb=0, ud=0, yaw=0
2025-02-21 14:00:50,136 Sending RC control: lr=0, fb=0, ud=0, yaw=0
2025-02-21 14:00:50,169 Sending RC control: lr=0, fb=0, ud=0, yaw=0
2025-02-21 14:00:50,203 Sending RC control: lr=0, fb=0, ud=0, yaw=0
2025-02-21 14:00:50,238 Sending RC control: lr=0, fb=0, ud=0, yaw=0
2025-02-21 14:00:50,271 Sending RC control: lr=0, fb=0, ud=0, yaw=0
2025-02-21 14:00:50,304 Sending RC control: lr=0, fb=0, ud=0, yaw=0
2025-02-21 14:00:50,337 Sending RC control: lr=0, fb=0, ud=0, yaw=0
2025-02-21 14:00:50,370 Sending RC control: lr=0, fb=0, ud=0, yaw=0
2025-02-21 14:00:50,411 Sending RC control: lr=0, fb=0, ud=0, yaw=0
2025-02-21 14:00:50,444 Sending RC control: lr=0, fb=0, ud=0, yaw=0
2025-02-21 14:00:50,477 Sending RC control: lr=0, fb=0, ud=0, yaw=0
2025-02-21 14:00:50,509 Sending RC control: lr=0, fb=0, ud=0, yaw=0
2025-02-21 14:00:50,543 Sending RC control: lr=0, fb=0, ud=0, yaw=0
2025-02-21 14:00:50,578 Sending RC control: lr=0, fb=0, ud=0, yaw=0
2025-02-21 14:00:50,612 Sending RC control: lr=0, fb=0, ud=0, yaw=0
2025-02-21 14:00:50,648 Sending RC control: lr=0, fb=0, ud=0, yaw=0
2025-02-21 14:00:50,682 Sending RC control: lr=0, fb=0, ud=0, yaw=0
2025-02-21 14:00:50,716 Sending RC control: lr=0, fb=0, ud=0, yaw=0
2025-02-21 14:00:50,750 Sending RC control: lr=0, fb=0, ud=0, yaw=0
2025-02-21 14:00:50,783 Sending RC control: lr=0, fb=0, ud=0, yaw=0
2025-02-21 14:00:50,816 Sending RC control: lr=0, fb=0, ud=0, yaw=0
2025-02-21 14:00:50,850 Sending RC control: lr=0, fb=0, ud=0, yaw=0
2025-02-21 14:00:50,888 Sending RC control: lr=0, fb=0, ud=0, yaw=0
2025-02-21 14:00:50,921 Sending RC control: lr=0, fb=0, ud=0, yaw=0
2025-02-21 14:00:50,958 Sending RC control: lr=0, fb=0, ud=0, yaw=0
2025-02-21 14:00:50,991 Sending RC control: lr=0, fb=0, ud=0, yaw=0
2025-02-21 14:00:51,025 Sending RC control: lr=0, fb=0, ud=0, yaw=0
2025-02-21 14:00:51,060 Sending RC control: lr=0, fb=0, ud=0, yaw=0
2025-02-21 14:00:51,093 Sending RC control: lr=0, fb=0, ud=0, yaw=0
2025-02-21 14:00:51,128 Sending RC control: lr=0, fb=0, ud=0, yaw=0
2025-02-21 14:00:51,160 Sending RC control: lr=0, fb=0, ud=0, yaw=0
2025-02-21 14:00:51,194 Sending RC control: lr=0, fb=0, ud=0, yaw=0
2025-02-21 14:00:51,228 Sending RC control: lr=0, fb=0, ud=0, yaw=0
2025-02-21 14:00:51,262 Sending RC control: lr=0, fb=0, ud=0, yaw=0
2025-02-21 14:00:51,296 Sending RC control: lr=0, fb=0, ud=0, yaw=0
2025-02-21 14:00:51,329 Sending RC control: lr=0, fb=0, ud=0, yaw=0
2025-02-21 14:00:51,364 Sending RC control: lr=0, fb=0, ud=0, yaw=0
2025-02-21 14:00:51,400 Sending RC control: lr=0, fb=0, ud=0, yaw=0
2025-02-21 14:00:51,433 Sending RC control: lr=0, fb=0, ud=0, yaw=0
2025-02-21 14:00:51,466 Sending RC control: lr=0, fb=0, ud=0, yaw=0
2025-02-21 14:00:51,498 Sending RC control: lr=0, fb=0, ud=0, yaw=0
2025-02-21 14:00:51,531 Sending RC control: lr=0, fb=0, ud=0, yaw=0
2025-02-21 14:00:51,565 Sending RC control: lr=0, fb=0, ud=0, yaw=0
2025-02-21 14:00:51,601 Sending RC control: lr=0, fb=0, ud=0, yaw=0
2025-02-21 14:00:51,629 Sending RC control: lr=0, fb=0, ud=0, yaw=0
2025-02-21 14:00:51,663 Sending RC control: lr=0, fb=0, ud=0, yaw=0
2025-02-21 14:00:51,697 Sending RC control: lr=0, fb=0, ud=0, yaw=0
